<?xml version="1.0" ?>
<testsuites disabled="0" errors="0" failures="3" tests="138" time="0.0">
	<testsuite disabled="0" errors="0" failures="3" name="terraform scan" skipped="1" tests="138" time="0">
		<properties>
			<property name="directory" value="['/tf']"/>
			<property name="add_check" value="False"/>
			<property name="list" value="False"/>
			<property name="output" value="['junitxml']"/>
			<property name="output_file_path" value="results.xml"/>
			<property name="output_bc_ids" value="False"/>
			<property name="include_all_checkov_policies" value="True"/>
			<property name="quiet" value="False"/>
			<property name="compact" value="False"/>
			<property name="framework" value="['all']"/>
			<property name="skip_framework" value="[]"/>
			<property name="run_all_external_checks" value="False"/>
			<property name="soft_fail" value="False"/>
			<property name="skip_results_upload" value="False"/>
			<property name="repo_id" value="cli_repo/tf"/>
			<property name="branch" value="master"/>
			<property name="skip_download" value="False"/>
			<property name="use_enforcement_rules" value="False"/>
			<property name="external_modules_download_path" value=".external_modules"/>
			<property name="evaluate_variables" value="True"/>
			<property name="no_cert_verify" value="False"/>
			<property name="create_baseline" value="False"/>
			<property name="output_baseline_as_skipped" value="False"/>
			<property name="secrets_scan_file_type" value="[]"/>
			<property name="enable_secret_scan_all_files" value="False"/>
			<property name="block_list_secret_scan" value="[]"/>
			<property name="summary_position" value="top"/>
			<property name="skip_resources_without_violations" value="False"/>
			<property name="deep_analysis" value="False"/>
			<property name="no_fail_on_crash" value="False"/>
			<property name="mask" value="defaultdict(&lt;class 'set'&gt;, {})"/>
			<property name="scan_secrets_history" value="False"/>
			<property name="secrets_history_timeout" value="12h"/>
			<property name="custom_tool_name" value="Checkov"/>
		</properties>
		<testcase name="[NONE][CKV_AWS_386] Reduce potential for WhoAMI cloud image name confusion attack" classname="/modules/compute/main.tf.module.compute.aws_ami.amazon_linux" file="/modules/compute/main.tf"/>
		<testcase name="[NONE][CKV_AWS_25] Ensure no security groups allow ingress from 0.0.0.0:0 to port 3389" classname="/modules/compute/main.tf.module.compute.aws_security_group.alb" file="/modules/compute/main.tf"/>
		<testcase name="[NONE][CKV_AWS_24] Ensure no security groups allow ingress from 0.0.0.0:0 to port 22" classname="/modules/compute/main.tf.module.compute.aws_security_group.alb" file="/modules/compute/main.tf"/>
		<testcase name="[NONE][CKV_AWS_277] Ensure no security groups allow ingress from 0.0.0.0:0 to port -1" classname="/modules/compute/main.tf.module.compute.aws_security_group.alb" file="/modules/compute/main.tf"/>
		<testcase name="[NONE][CKV_AWS_23] Ensure every security group and rule has a description" classname="/modules/compute/main.tf.module.compute.aws_security_group.alb" file="/modules/compute/main.tf"/>
		<testcase name="[NONE][CKV_AWS_382] Ensure no security groups allow egress from 0.0.0.0:0 to port -1" classname="/modules/compute/main.tf.module.compute.aws_security_group.alb" file="/modules/compute/main.tf"/>
		<testcase name="[NONE][CKV_AWS_25] Ensure no security groups allow ingress from 0.0.0.0:0 to port 3389" classname="/modules/compute/main.tf.module.compute.aws_security_group.ec2" file="/modules/compute/main.tf"/>
		<testcase name="[NONE][CKV_AWS_24] Ensure no security groups allow ingress from 0.0.0.0:0 to port 22" classname="/modules/compute/main.tf.module.compute.aws_security_group.ec2" file="/modules/compute/main.tf"/>
		<testcase name="[NONE][CKV_AWS_277] Ensure no security groups allow ingress from 0.0.0.0:0 to port -1" classname="/modules/compute/main.tf.module.compute.aws_security_group.ec2" file="/modules/compute/main.tf"/>
		<testcase name="[NONE][CKV_AWS_260] Ensure no security groups allow ingress from 0.0.0.0:0 to port 80" classname="/modules/compute/main.tf.module.compute.aws_security_group.ec2" file="/modules/compute/main.tf"/>
		<testcase name="[NONE][CKV_AWS_23] Ensure every security group and rule has a description" classname="/modules/compute/main.tf.module.compute.aws_security_group.ec2" file="/modules/compute/main.tf"/>
		<testcase name="[NONE][CKV_AWS_382] Ensure no security groups allow egress from 0.0.0.0:0 to port -1" classname="/modules/compute/main.tf.module.compute.aws_security_group.ec2" file="/modules/compute/main.tf"/>
		<testcase name="[NONE][CKV_AWS_136] Ensure that ECR repositories are encrypted using KMS" classname="/modules/compute/main.tf.module.compute.aws_ecr_repository.app" file="/modules/compute/main.tf"/>
		<testcase name="[NONE][CKV_AWS_163] Ensure ECR image scanning on push is enabled" classname="/modules/compute/main.tf.module.compute.aws_ecr_repository.app" file="/modules/compute/main.tf"/>
		<testcase name="[NONE][CKV_AWS_51] Ensure ECR Image Tags are immutable" classname="/modules/compute/main.tf.module.compute.aws_ecr_repository.app" file="/modules/compute/main.tf"/>
		<testcase name="[NONE][CKV_AWS_61] Ensure AWS IAM policy does not allow assume role permission across all services" classname="/modules/compute/main.tf.module.compute.aws_iam_role.ec2" file="/modules/compute/main.tf"/>
		<testcase name="[NONE][CKV_AWS_274] Disallow IAM roles, users, and groups from using the AWS AdministratorAccess policy" classname="/modules/compute/main.tf.module.compute.aws_iam_role.ec2" file="/modules/compute/main.tf"/>
		<testcase name="[NONE][CKV_AWS_393] Ensure AWS GitHub Actions OIDC authorization policies only allow safe claims and claim order on IAM role" classname="/modules/compute/main.tf.module.compute.aws_iam_role.ec2" file="/modules/compute/main.tf"/>
		<testcase name="[NONE][CKV_AWS_60] Ensure IAM role allows only specific services or principals to assume it" classname="/modules/compute/main.tf.module.compute.aws_iam_role.ec2" file="/modules/compute/main.tf"/>
		<testcase name="[NONE][CKV_AWS_286] Ensure IAM policies does not allow privilege escalation" classname="/modules/compute/main.tf.module.compute.aws_iam_role_policy.ec2_ecr" file="/modules/compute/main.tf"/>
		<testcase name="[NONE][CKV_AWS_290] Ensure IAM policies does not allow write access without constraints" classname="/modules/compute/main.tf.module.compute.aws_iam_role_policy.ec2_ecr" file="/modules/compute/main.tf"/>
		<testcase name="[NONE][CKV_AWS_355] Ensure no IAM policies documents allow &quot;*&quot; as a statement's resource for restrictable actions" classname="/modules/compute/main.tf.module.compute.aws_iam_role_policy.ec2_ecr" file="/modules/compute/main.tf"/>
		<testcase name="[NONE][CKV_AWS_63] Ensure no IAM policies documents allow &quot;*&quot; as a statement's actions" classname="/modules/compute/main.tf.module.compute.aws_iam_role_policy.ec2_ecr" file="/modules/compute/main.tf"/>
		<testcase name="[NONE][CKV_AWS_288] Ensure IAM policies does not allow data exfiltration" classname="/modules/compute/main.tf.module.compute.aws_iam_role_policy.ec2_ecr" file="/modules/compute/main.tf"/>
		<testcase name="[NONE][CKV_AWS_289] Ensure IAM policies does not allow permissions management / resource exposure without constraints" classname="/modules/compute/main.tf.module.compute.aws_iam_role_policy.ec2_ecr" file="/modules/compute/main.tf"/>
		<testcase name="[NONE][CKV_AWS_287] Ensure IAM policies does not allow credentials exposure" classname="/modules/compute/main.tf.module.compute.aws_iam_role_policy.ec2_ecr" file="/modules/compute/main.tf"/>
		<testcase name="[NONE][CKV_AWS_62] Ensure IAM policies that allow full &quot;*-*&quot; administrative privileges are not created" classname="/modules/compute/main.tf.module.compute.aws_iam_role_policy.ec2_ecr" file="/modules/compute/main.tf"/>
		<testcase name="[NONE][CKV_AWS_286] Ensure IAM policies does not allow privilege escalation" classname="/modules/compute/main.tf.module.compute.aws_iam_role_policy.ec2_secrets" file="/modules/compute/main.tf"/>
		<testcase name="[NONE][CKV_AWS_290] Ensure IAM policies does not allow write access without constraints" classname="/modules/compute/main.tf.module.compute.aws_iam_role_policy.ec2_secrets" file="/modules/compute/main.tf"/>
		<testcase name="[NONE][CKV_AWS_355] Ensure no IAM policies documents allow &quot;*&quot; as a statement's resource for restrictable actions" classname="/modules/compute/main.tf.module.compute.aws_iam_role_policy.ec2_secrets" file="/modules/compute/main.tf"/>
		<testcase name="[NONE][CKV_AWS_63] Ensure no IAM policies documents allow &quot;*&quot; as a statement's actions" classname="/modules/compute/main.tf.module.compute.aws_iam_role_policy.ec2_secrets" file="/modules/compute/main.tf"/>
		<testcase name="[NONE][CKV_AWS_288] Ensure IAM policies does not allow data exfiltration" classname="/modules/compute/main.tf.module.compute.aws_iam_role_policy.ec2_secrets" file="/modules/compute/main.tf"/>
		<testcase name="[NONE][CKV_AWS_289] Ensure IAM policies does not allow permissions management / resource exposure without constraints" classname="/modules/compute/main.tf.module.compute.aws_iam_role_policy.ec2_secrets" file="/modules/compute/main.tf"/>
		<testcase name="[NONE][CKV_AWS_287] Ensure IAM policies does not allow credentials exposure" classname="/modules/compute/main.tf.module.compute.aws_iam_role_policy.ec2_secrets" file="/modules/compute/main.tf"/>
		<testcase name="[NONE][CKV_AWS_62] Ensure IAM policies that allow full &quot;*-*&quot; administrative privileges are not created" classname="/modules/compute/main.tf.module.compute.aws_iam_role_policy.ec2_secrets" file="/modules/compute/main.tf"/>
		<testcase name="[NONE][CKV_AWS_286] Ensure IAM policies does not allow privilege escalation" classname="/modules/compute/main.tf.module.compute.aws_iam_role_policy.ec2_cloudwatch" file="/modules/compute/main.tf"/>
		<testcase name="[NONE][CKV_AWS_290] Ensure IAM policies does not allow write access without constraints" classname="/modules/compute/main.tf.module.compute.aws_iam_role_policy.ec2_cloudwatch" file="/modules/compute/main.tf"/>
		<testcase name="[NONE][CKV_AWS_355] Ensure no IAM policies documents allow &quot;*&quot; as a statement's resource for restrictable actions" classname="/modules/compute/main.tf.module.compute.aws_iam_role_policy.ec2_cloudwatch" file="/modules/compute/main.tf"/>
		<testcase name="[NONE][CKV_AWS_63] Ensure no IAM policies documents allow &quot;*&quot; as a statement's actions" classname="/modules/compute/main.tf.module.compute.aws_iam_role_policy.ec2_cloudwatch" file="/modules/compute/main.tf"/>
		<testcase name="[NONE][CKV_AWS_288] Ensure IAM policies does not allow data exfiltration" classname="/modules/compute/main.tf.module.compute.aws_iam_role_policy.ec2_cloudwatch" file="/modules/compute/main.tf"/>
		<testcase name="[NONE][CKV_AWS_289] Ensure IAM policies does not allow permissions management / resource exposure without constraints" classname="/modules/compute/main.tf.module.compute.aws_iam_role_policy.ec2_cloudwatch" file="/modules/compute/main.tf"/>
		<testcase name="[NONE][CKV_AWS_287] Ensure IAM policies does not allow credentials exposure" classname="/modules/compute/main.tf.module.compute.aws_iam_role_policy.ec2_cloudwatch" file="/modules/compute/main.tf"/>
		<testcase name="[NONE][CKV_AWS_62] Ensure IAM policies that allow full &quot;*-*&quot; administrative privileges are not created" classname="/modules/compute/main.tf.module.compute.aws_iam_role_policy.ec2_cloudwatch" file="/modules/compute/main.tf"/>
		<testcase name="[NONE][CKV_AWS_227] Ensure KMS key is enabled" classname="/modules/compute/main.tf.module.compute.aws_kms_key.cw_kms_key" file="/modules/compute/main.tf"/>
		<testcase name="[NONE][CKV_AWS_33] Ensure KMS key policy does not contain wildcard (*) principal" classname="/modules/compute/main.tf.module.compute.aws_kms_key.cw_kms_key" file="/modules/compute/main.tf"/>
		<testcase name="[NONE][CKV_AWS_7] Ensure rotation for customer created CMKs is enabled" classname="/modules/compute/main.tf.module.compute.aws_kms_key.cw_kms_key" file="/modules/compute/main.tf"/>
		<testcase name="[NONE][CKV_AWS_66] Ensure that CloudWatch Log Group specifies retention days" classname="/modules/compute/main.tf.module.compute.aws_cloudwatch_log_group.app_logs" file="/modules/compute/main.tf"/>
		<testcase name="[NONE][CKV_AWS_338] Ensure CloudWatch log groups retains logs for at least 1 year" classname="/modules/compute/main.tf.module.compute.aws_cloudwatch_log_group.app_logs" file="/modules/compute/main.tf"/>
		<testcase name="[NONE][CKV_AWS_158] Ensure that CloudWatch Log Group is encrypted by KMS" classname="/modules/compute/main.tf.module.compute.aws_cloudwatch_log_group.app_logs" file="/modules/compute/main.tf"/>
		<testcase name="[NONE][CKV_AWS_131] Ensure that ALB drops HTTP headers" classname="/modules/compute/main.tf.module.compute.aws_lb.main" file="/modules/compute/main.tf"/>
		<testcase name="[NONE][CKV_AWS_150] Ensure that Load Balancer has deletion protection enabled" classname="/modules/compute/main.tf.module.compute.aws_lb.main" file="/modules/compute/main.tf"/>
		<testcase name="[NONE][CKV_AWS_328] Ensure that ALB is configured with defensive or strictest desync mitigation mode" classname="/modules/compute/main.tf.module.compute.aws_lb.main" file="/modules/compute/main.tf"/>
		<testcase name="[NONE][CKV_AWS_91] Ensure the ELBv2 (Application/Network) has access logging enabled" classname="/modules/compute/main.tf.module.compute.aws_lb.main" file="/modules/compute/main.tf"/>
		<testcase name="[NONE][CKV_AWS_342] Ensure WAF rule has any actions" classname="/modules/compute/main.tf.module.compute.aws_wafv2_web_acl.alb_waf" file="/modules/compute/main.tf"/>
		<testcase name="[NONE][CKV_AWS_192] Ensure WAF prevents message lookup in Log4j2. See CVE-2021-44228 aka log4jshell" classname="/modules/compute/main.tf.module.compute.aws_wafv2_web_acl.alb_waf" file="/modules/compute/main.tf"/>
		<testcase name="[NONE][CKV_AWS_175] Ensure WAF has associated rules" classname="/modules/compute/main.tf.module.compute.aws_wafv2_web_acl.alb_waf" file="/modules/compute/main.tf"/>
		<testcase name="[NONE][CKV_AWS_66] Ensure that CloudWatch Log Group specifies retention days" classname="/modules/compute/main.tf.module.compute.aws_cloudwatch_log_group.alb_waf_logs" file="/modules/compute/main.tf"/>
		<testcase name="[NONE][CKV_AWS_338] Ensure CloudWatch log groups retains logs for at least 1 year" classname="/modules/compute/main.tf.module.compute.aws_cloudwatch_log_group.alb_waf_logs" file="/modules/compute/main.tf"/>
		<testcase name="[NONE][CKV_AWS_158] Ensure that CloudWatch Log Group is encrypted by KMS" classname="/modules/compute/main.tf.module.compute.aws_cloudwatch_log_group.alb_waf_logs" file="/modules/compute/main.tf"/>
		<testcase name="[NONE][CKV_AWS_261] Ensure HTTP HTTPS Target group defines Healthcheck" classname="/modules/compute/main.tf.module.compute.aws_lb_target_group.app" file="/modules/compute/main.tf"/>
		<testcase name="[NONE][CKV_AWS_2] Ensure ALB protocol is HTTPS" classname="/modules/compute/main.tf.module.compute.aws_lb_listener.http" file="/modules/compute/main.tf"/>
		<testcase name="[NONE][CKV_AWS_88] EC2 instance should not have public IP." classname="/modules/compute/main.tf.module.compute.aws_launch_template.app" file="/modules/compute/main.tf"/>
		<testcase name="[NONE][CKV_AWS_79] Ensure Instance Metadata Service Version 1 is not enabled" classname="/modules/compute/main.tf.module.compute.aws_launch_template.app" file="/modules/compute/main.tf"/>
		<testcase name="[NONE][CKV_AWS_46] Ensure no hard-coded secrets exist in EC2 user data" classname="/modules/compute/main.tf.module.compute.aws_launch_template.app" file="/modules/compute/main.tf"/>
		<testcase name="[NONE][CKV_AWS_341] Ensure Launch template should not have a metadata response hop limit greater than 1" classname="/modules/compute/main.tf.module.compute.aws_launch_template.app" file="/modules/compute/main.tf"/>
		<testcase name="[NONE][CKV_AWS_315] Ensure EC2 Auto Scaling groups use EC2 launch templates" classname="/modules/compute/main.tf.module.compute.aws_autoscaling_group.app" file="/modules/compute/main.tf"/>
		<testcase name="[NONE][CKV_AWS_153] Autoscaling groups should supply tags to launch configurations" classname="/modules/compute/main.tf.module.compute.aws_autoscaling_group.app" file="/modules/compute/main.tf"/>
		<testcase name="[NONE][CKV_AWS_319] Ensure that CloudWatch alarm actions are enabled" classname="/modules/compute/main.tf.module.compute.aws_cloudwatch_metric_alarm.cpu_low" file="/modules/compute/main.tf"/>
		<testcase name="[NONE][CKV_AWS_319] Ensure that CloudWatch alarm actions are enabled" classname="/modules/compute/main.tf.module.compute.aws_cloudwatch_metric_alarm.cpu_high" file="/modules/compute/main.tf"/>
		<testcase name="[NONE][CKV_AWS_227] Ensure KMS key is enabled" classname="/modules/dns/main.tf.module.dns.aws_kms_key.dnssec" file="/modules/dns/main.tf"/>
		<testcase name="[NONE][CKV_AWS_33] Ensure KMS key policy does not contain wildcard (*) principal" classname="/modules/dns/main.tf.module.dns.aws_kms_key.dnssec" file="/modules/dns/main.tf"/>
		<testcase name="[NONE][CKV_AWS_110] Ensure IAM policies does not allow privilege escalation" classname="/modules/network/main.tf.module.network.aws_iam_policy_document.assume_role" file="/modules/network/main.tf"/>
		<testcase name="[NONE][CKV_AWS_49] Ensure no IAM policies documents allow &quot;*&quot; as a statement's actions" classname="/modules/network/main.tf.module.network.aws_iam_policy_document.assume_role" file="/modules/network/main.tf"/>
		<testcase name="[NONE][CKV_AWS_358] Ensure AWS GitHub Actions OIDC authorization policies only allow safe claims and claim order" classname="/modules/network/main.tf.module.network.aws_iam_policy_document.assume_role" file="/modules/network/main.tf"/>
		<testcase name="[NONE][CKV_AWS_283] Ensure no IAM policies documents allow ALL or any AWS principal permissions to the resource" classname="/modules/network/main.tf.module.network.aws_iam_policy_document.assume_role" file="/modules/network/main.tf"/>
		<testcase name="[NONE][CKV_AWS_1] Ensure IAM policies that allow full &quot;*-*&quot; administrative privileges are not created" classname="/modules/network/main.tf.module.network.aws_iam_policy_document.assume_role" file="/modules/network/main.tf"/>
		<testcase name="[NONE][CKV_AWS_356] Ensure no IAM policies documents allow &quot;*&quot; as a statement's resource for restrictable actions" classname="/modules/network/main.tf.module.network.aws_iam_policy_document.assume_role" file="/modules/network/main.tf"/>
		<testcase name="[NONE][CKV_AWS_111] Ensure IAM policies does not allow write access without constraints" classname="/modules/network/main.tf.module.network.aws_iam_policy_document.assume_role" file="/modules/network/main.tf"/>
		<testcase name="[NONE][CKV_AWS_108] Ensure IAM policies does not allow data exfiltration" classname="/modules/network/main.tf.module.network.aws_iam_policy_document.assume_role" file="/modules/network/main.tf"/>
		<testcase name="[NONE][CKV_AWS_109] Ensure IAM policies does not allow permissions management / resource exposure without constraints" classname="/modules/network/main.tf.module.network.aws_iam_policy_document.assume_role" file="/modules/network/main.tf"/>
		<testcase name="[NONE][CKV_AWS_107] Ensure IAM policies does not allow credentials exposure" classname="/modules/network/main.tf.module.network.aws_iam_policy_document.assume_role" file="/modules/network/main.tf"/>
		<testcase name="[NONE][CKV_AWS_110] Ensure IAM policies does not allow privilege escalation" classname="/modules/network/main.tf.module.network.aws_iam_policy_document.vpc_flow_log_policy" file="/modules/network/main.tf"/>
		<testcase name="[NONE][CKV_AWS_49] Ensure no IAM policies documents allow &quot;*&quot; as a statement's actions" classname="/modules/network/main.tf.module.network.aws_iam_policy_document.vpc_flow_log_policy" file="/modules/network/main.tf"/>
		<testcase name="[NONE][CKV_AWS_358] Ensure AWS GitHub Actions OIDC authorization policies only allow safe claims and claim order" classname="/modules/network/main.tf.module.network.aws_iam_policy_document.vpc_flow_log_policy" file="/modules/network/main.tf"/>
		<testcase name="[NONE][CKV_AWS_283] Ensure no IAM policies documents allow ALL or any AWS principal permissions to the resource" classname="/modules/network/main.tf.module.network.aws_iam_policy_document.vpc_flow_log_policy" file="/modules/network/main.tf"/>
		<testcase name="[NONE][CKV_AWS_1] Ensure IAM policies that allow full &quot;*-*&quot; administrative privileges are not created" classname="/modules/network/main.tf.module.network.aws_iam_policy_document.vpc_flow_log_policy" file="/modules/network/main.tf"/>
		<testcase name="[NONE][CKV_AWS_356] Ensure no IAM policies documents allow &quot;*&quot; as a statement's resource for restrictable actions" classname="/modules/network/main.tf.module.network.aws_iam_policy_document.vpc_flow_log_policy" file="/modules/network/main.tf"/>
		<testcase name="[NONE][CKV_AWS_111] Ensure IAM policies does not allow write access without constraints" classname="/modules/network/main.tf.module.network.aws_iam_policy_document.vpc_flow_log_policy" file="/modules/network/main.tf"/>
		<testcase name="[NONE][CKV_AWS_108] Ensure IAM policies does not allow data exfiltration" classname="/modules/network/main.tf.module.network.aws_iam_policy_document.vpc_flow_log_policy" file="/modules/network/main.tf"/>
		<testcase name="[NONE][CKV_AWS_109] Ensure IAM policies does not allow permissions management / resource exposure without constraints" classname="/modules/network/main.tf.module.network.aws_iam_policy_document.vpc_flow_log_policy" file="/modules/network/main.tf"/>
		<testcase name="[NONE][CKV_AWS_107] Ensure IAM policies does not allow credentials exposure" classname="/modules/network/main.tf.module.network.aws_iam_policy_document.vpc_flow_log_policy" file="/modules/network/main.tf"/>
		<testcase name="[NONE][CKV_AWS_130] Ensure VPC subnets do not assign public IP by default" classname="/modules/network/main.tf.module.network.aws_subnet.public_1" file="/modules/network/main.tf"/>
		<testcase name="[NONE][CKV_AWS_130] Ensure VPC subnets do not assign public IP by default" classname="/modules/network/main.tf.module.network.aws_subnet.public_2" file="/modules/network/main.tf"/>
		<testcase name="[NONE][CKV_AWS_130] Ensure VPC subnets do not assign public IP by default" classname="/modules/network/main.tf.module.network.aws_subnet.private_3_compute" file="/modules/network/main.tf"/>
		<testcase name="[NONE][CKV_AWS_130] Ensure VPC subnets do not assign public IP by default" classname="/modules/network/main.tf.module.network.aws_subnet.private_4_compute" file="/modules/network/main.tf"/>
		<testcase name="[NONE][CKV_AWS_130] Ensure VPC subnets do not assign public IP by default" classname="/modules/network/main.tf.module.network.aws_subnet.private_5_data" file="/modules/network/main.tf"/>
		<testcase name="[NONE][CKV_AWS_130] Ensure VPC subnets do not assign public IP by default" classname="/modules/network/main.tf.module.network.aws_subnet.private_6_data" file="/modules/network/main.tf"/>
		<testcase name="[NONE][CKV_AWS_66] Ensure that CloudWatch Log Group specifies retention days" classname="/modules/network/main.tf.module.network.aws_cloudwatch_log_group.vpc_flow_log_group" file="/modules/network/main.tf"/>
		<testcase name="[NONE][CKV_AWS_338] Ensure CloudWatch log groups retains logs for at least 1 year" classname="/modules/network/main.tf.module.network.aws_cloudwatch_log_group.vpc_flow_log_group" file="/modules/network/main.tf"/>
		<testcase name="[NONE][CKV_AWS_61] Ensure AWS IAM policy does not allow assume role permission across all services" classname="/modules/network/main.tf.module.network.aws_iam_role.vpc_flow_log_role" file="/modules/network/main.tf"/>
		<testcase name="[NONE][CKV_AWS_274] Disallow IAM roles, users, and groups from using the AWS AdministratorAccess policy" classname="/modules/network/main.tf.module.network.aws_iam_role.vpc_flow_log_role" file="/modules/network/main.tf"/>
		<testcase name="[NONE][CKV_AWS_393] Ensure AWS GitHub Actions OIDC authorization policies only allow safe claims and claim order on IAM role" classname="/modules/network/main.tf.module.network.aws_iam_role.vpc_flow_log_role" file="/modules/network/main.tf"/>
		<testcase name="[NONE][CKV_AWS_60] Ensure IAM role allows only specific services or principals to assume it" classname="/modules/network/main.tf.module.network.aws_iam_role.vpc_flow_log_role" file="/modules/network/main.tf"/>
		<testcase name="[NONE][CKV_AWS_63] Ensure no IAM policies documents allow &quot;*&quot; as a statement's actions" classname="/modules/network/main.tf.module.network.aws_iam_role_policy.vpc_flow_log_policy" file="/modules/network/main.tf"/>
		<testcase name="[NONE][CKV_AWS_62] Ensure IAM policies that allow full &quot;*-*&quot; administrative privileges are not created" classname="/modules/network/main.tf.module.network.aws_iam_role_policy.vpc_flow_log_policy" file="/modules/network/main.tf"/>
		<testcase name="[NONE][CKV_AWS_41] Ensure no hard coded AWS access key and secret key exists in provider" classname="/providers.tf.aws.default" file="/providers.tf"/>
		<testcase name="[NONE][CKV2_AWS_35] AWS NAT Gateways should be utilized for the default route" classname="/modules/network/main.tf.module.network.aws_route_table.public" file="/modules/network/main.tf"/>
		<testcase name="[NONE][CKV2_AWS_35] AWS NAT Gateways should be utilized for the default route" classname="/modules/network/main.tf.module.network.aws_route_table.private_compute" file="/modules/network/main.tf"/>
		<testcase name="[NONE][CKV2_AWS_35] AWS NAT Gateways should be utilized for the default route" classname="/modules/network/main.tf.module.network.aws_route_table.private_data" file="/modules/network/main.tf"/>
		<testcase name="[NONE][CKV2_AWS_31] Ensure WAF2 has a Logging Configuration" classname="/modules/compute/main.tf.module.compute.aws_wafv2_web_acl.alb_waf" file="/modules/compute/main.tf"/>
		<testcase name="[NONE][CKV_AWS_378] Ensure AWS Load Balancer doesn't use HTTP protocol" classname="/modules/compute/main.tf.module.compute.aws_lb_target_group.app" file="/modules/compute/main.tf"/>
		<testcase name="[NONE][CKV2_AWS_11] Ensure VPC flow logging is enabled in all VPCs" classname="/modules/network/main.tf.module.network.aws_vpc.main" file="/modules/network/main.tf"/>
		<testcase name="[NONE][CKV2_AWS_5] Ensure that Security Groups are attached to another resource" classname="/modules/compute/main.tf.module.compute.aws_security_group.alb" file="/modules/compute/main.tf"/>
		<testcase name="[NONE][CKV2_AWS_5] Ensure that Security Groups are attached to another resource" classname="/modules/compute/main.tf.module.compute.aws_security_group.ec2" file="/modules/compute/main.tf"/>
		<testcase name="[NONE][CKV2_AWS_20] Ensure that ALB redirects HTTP requests into HTTPS ones" classname="/modules/compute/main.tf.module.compute.aws_lb.main" file="/modules/compute/main.tf"/>
		<testcase name="[NONE][CKV2_AWS_38] Ensure Domain Name System Security Extensions (DNSSEC) signing is enabled for Amazon Route 53 public hosted zones" classname="/modules/dns/main.tf.module.dns.aws_route53_zone.main" file="/modules/dns/main.tf"/>
		<testcase name="[NONE][CKV2_AWS_40] Ensure AWS IAM policy does not allow full IAM privileges" classname="/modules/compute/main.tf.module.compute.aws_iam_role_policy.ec2_ecr" file="/modules/compute/main.tf"/>
		<testcase name="[NONE][CKV2_AWS_40] Ensure AWS IAM policy does not allow full IAM privileges" classname="/modules/compute/main.tf.module.compute.aws_iam_role_policy.ec2_secrets" file="/modules/compute/main.tf"/>
		<testcase name="[NONE][CKV2_AWS_40] Ensure AWS IAM policy does not allow full IAM privileges" classname="/modules/compute/main.tf.module.compute.aws_iam_role_policy.ec2_cloudwatch" file="/modules/compute/main.tf"/>
		<testcase name="[NONE][CKV2_AWS_40] Ensure AWS IAM policy does not allow full IAM privileges" classname="/modules/network/main.tf.module.network.aws_iam_policy_document.assume_role" file="/modules/network/main.tf"/>
		<testcase name="[NONE][CKV2_AWS_40] Ensure AWS IAM policy does not allow full IAM privileges" classname="/modules/network/main.tf.module.network.aws_iam_policy_document.vpc_flow_log_policy" file="/modules/network/main.tf"/>
		<testcase name="[NONE][CKV2_AWS_56] Ensure AWS Managed IAMFullAccess IAM policy is not used." classname="/modules/compute/main.tf.module.compute.aws_iam_role.ec2" file="/modules/compute/main.tf"/>
		<testcase name="[NONE][CKV2_AWS_56] Ensure AWS Managed IAMFullAccess IAM policy is not used." classname="/modules/network/main.tf.module.network.aws_iam_role.vpc_flow_log_role" file="/modules/network/main.tf"/>
		<testcase name="[NONE][CKV2_AWS_19] Ensure that all EIP addresses allocated to a VPC are attached to EC2 instances" classname="/modules/network/main.tf.module.network.aws_eip.nat_1" file="/modules/network/main.tf"/>
		<testcase name="[NONE][CKV2_AWS_19] Ensure that all EIP addresses allocated to a VPC are attached to EC2 instances" classname="/modules/network/main.tf.module.network.aws_eip.nat_2" file="/modules/network/main.tf"/>
		<testcase name="[NONE][CKV2_AWS_64] Ensure KMS key Policy is defined" classname="/modules/compute/main.tf.module.compute.aws_kms_key.cw_kms_key" file="/modules/compute/main.tf"/>
		<testcase name="[NONE][CKV2_AWS_64] Ensure KMS key Policy is defined" classname="/modules/dns/main.tf.module.dns.aws_kms_key.dnssec" file="/modules/dns/main.tf"/>
		<testcase name="[NONE][CKV2_AWS_28] Ensure public facing ALB are protected by WAF" classname="/modules/compute/main.tf.module.compute.aws_lb.main" file="/modules/compute/main.tf"/>
		<testcase name="[NONE][CKV_AWS_103] Ensure that load balancer is using at least TLS 1.2" classname="/modules/compute/main.tf.module.compute.aws_lb_listener.http" file="/modules/compute/main.tf"/>
		<testcase name="[NONE][CKV2_AWS_74] Ensure AWS Load Balancers use strong ciphers" classname="/modules/compute/main.tf.module.compute.aws_lb_listener.http" file="/modules/compute/main.tf"/>
		<testcase name="[NONE][CKV2_AWS_44] Ensure AWS route table with VPC peering does not contain routes overly permissive to all traffic" classname="/modules/network/main.tf.module.network.aws_route_table.public" file="/modules/network/main.tf"/>
		<testcase name="[NONE][CKV2_AWS_44] Ensure AWS route table with VPC peering does not contain routes overly permissive to all traffic" classname="/modules/network/main.tf.module.network.aws_route_table.private_compute" file="/modules/network/main.tf"/>
		<testcase name="[NONE][CKV2_AWS_44] Ensure AWS route table with VPC peering does not contain routes overly permissive to all traffic" classname="/modules/network/main.tf.module.network.aws_route_table.private_data" file="/modules/network/main.tf"/>
		<testcase name="[NONE][CKV2_AWS_12] Ensure the default security group of every VPC restricts all traffic" classname="/modules/network/main.tf.module.network.aws_vpc.main" file="/modules/network/main.tf"/>
		<testcase name="[NONE][CKV_AWS_158] Ensure that CloudWatch Log Group is encrypted by KMS" classname="/modules/network/main.tf.module.network.aws_cloudwatch_log_group.vpc_flow_log_group" file="/modules/network/main.tf">
			<failure type="failure" message="Ensure that CloudWatch Log Group is encrypted by KMS">
Resource: module.network.aws_cloudwatch_log_group.vpc_flow_log_group
File: /modules/network/main.tf: 184-187
Guideline: https://docs.prismacloud.io/en/enterprise-edition/policy-reference/aws-policies/aws-general-policies/ensure-that-cloudwatch-log-group-is-encrypted-by-kms

		184 | resource &quot;aws_cloudwatch_log_group&quot; &quot;vpc_flow_log_group&quot; {
		185 |   name              = &quot;/aws/vpc/${var.proyecto}-${var.ambiente}-flow-logs&quot;
		186 |   retention_in_days = 365 # CKV_AWS_338: Mínimo 1 año de retención
		187 | }
</failure>
		</testcase>
		<testcase name="[NONE][CKV2_AWS_39] Ensure Domain Name System (DNS) query logging is enabled for Amazon Route 53 hosted zones" classname="/modules/dns/main.tf.module.dns.aws_route53_zone.main" file="/modules/dns/main.tf">
			<failure type="failure" message="Ensure Domain Name System (DNS) query logging is enabled for Amazon Route 53 hosted zones">
Resource: module.dns.aws_route53_zone.main
File: /modules/dns/main.tf: 4-13
Guideline: https://docs.prismacloud.io/en/enterprise-edition/policy-reference/aws-policies/aws-logging-policies/bc-aws-2-39

		4  | resource &quot;aws_route53_zone&quot; &quot;main&quot; {
		5  |   name = var.domain_name
		6  | 
		7  |   tags = {
		8  |     Name       = &quot;${var.proyecto}-${var.ambiente}-dns-zone&quot;
		9  |     Modulo     = &quot;dns&quot;
		10 |     Ambiente   = var.ambiente
		11 |     Gestionado = &quot;Terraform&quot;
		12 |   }
		13 | }
</failure>
		</testcase>
		<testcase name="[NONE][CKV2_AWS_76] Ensure AWS ALB attached WAFv2 WebACL is configured with AMR for Log4j Vulnerability" classname="/modules/compute/main.tf.module.compute.aws_lb.main" file="/modules/compute/main.tf">
			<failure type="failure" message="Ensure AWS ALB attached WAFv2 WebACL is configured with AMR for Log4j Vulnerability">
Resource: module.compute.aws_lb.main
File: /modules/compute/main.tf: 394-420
Guideline: None

		394 | resource &quot;aws_lb&quot; &quot;main&quot; {
		395 |   name               = &quot;${var.proyecto}-${var.ambiente}-alb&quot;
		396 |   internal           = false
		397 |   load_balancer_type = &quot;application&quot;
		398 | 
		399 |   subnets         = var.public_subnets
		400 |   security_groups = [aws_security_group.alb.id]
		401 | 
		402 |   enable_deletion_protection = true
		403 | 
		404 |   # AÑADIDO PARA CKV_AWS_91 (Commit 4):
		405 |   access_logs {
		406 |     enabled = true
		407 |     bucket  = &quot;${var.proyecto}-${var.ambiente}-alb-logs&quot; # Nombre del bucket donde se guardarán
		408 |     prefix  = &quot;alb-logs&quot;
		409 |   }
		410 | 
		411 |   # AÑADIDO PARA CKV_AWS_131 (Commit 2):
		412 |   drop_invalid_header_fields = true
		413 | 
		414 |   tags = {
		415 |     Name       = &quot;${var.proyecto}-${var.ambiente}-alb&quot;
		416 |     Modulo     = &quot;compute&quot;
		417 |     Ambiente   = var.ambiente
		418 |     Gestionado = &quot;Terraform&quot;
		419 |   }
		420 | }
</failure>
		</testcase>
		<testcase name="[NONE][CKV_AWS_260] Ensure no security groups allow ingress from 0.0.0.0:0 to port 80" classname="/modules/compute/main.tf.module.compute.aws_security_group.alb" file="/modules/compute/main.tf">
			<skipped type="skipped" message="ALB publico de Veltri Minimarket requiere HTTP para redirigir a HTTPS"/>
		</testcase>
	</testsuite>
</testsuites>
