<?xml version="1.0" ?>
<testsuites disabled="0" errors="0" failures="61" tests="158" time="0.0">
	<testsuite disabled="0" errors="0" failures="61" name="terraform scan" skipped="0" tests="158" time="0">
		<properties>
			<property name="directory" value="['/tf']"/>
			<property name="add_check" value="False"/>
			<property name="list" value="False"/>
			<property name="output" value="['junitxml']"/>
			<property name="output_file_path" value="results.xml"/>
			<property name="output_bc_ids" value="False"/>
			<property name="include_all_checkov_policies" value="True"/>
			<property name="quiet" value="False"/>
			<property name="compact" value="False"/>
			<property name="framework" value="['all']"/>
			<property name="skip_framework" value="[]"/>
			<property name="run_all_external_checks" value="False"/>
			<property name="soft_fail" value="False"/>
			<property name="skip_results_upload" value="False"/>
			<property name="repo_id" value="cli_repo/tf"/>
			<property name="branch" value="master"/>
			<property name="skip_download" value="False"/>
			<property name="use_enforcement_rules" value="False"/>
			<property name="external_modules_download_path" value=".external_modules"/>
			<property name="evaluate_variables" value="True"/>
			<property name="no_cert_verify" value="False"/>
			<property name="create_baseline" value="False"/>
			<property name="output_baseline_as_skipped" value="False"/>
			<property name="secrets_scan_file_type" value="[]"/>
			<property name="enable_secret_scan_all_files" value="False"/>
			<property name="block_list_secret_scan" value="[]"/>
			<property name="summary_position" value="top"/>
			<property name="skip_resources_without_violations" value="False"/>
			<property name="deep_analysis" value="False"/>
			<property name="no_fail_on_crash" value="False"/>
			<property name="mask" value="defaultdict(&lt;class 'set'&gt;, {})"/>
			<property name="scan_secrets_history" value="False"/>
			<property name="secrets_history_timeout" value="12h"/>
			<property name="custom_tool_name" value="Checkov"/>
		</properties>
		<testcase name="[NONE][CKV_AWS_25] Ensure no security groups allow ingress from 0.0.0.0:0 to port 3389" classname="/modules/compute/main.tf.module.compute.aws_security_group.alb" file="/modules/compute/main.tf"/>
		<testcase name="[NONE][CKV_AWS_24] Ensure no security groups allow ingress from 0.0.0.0:0 to port 22" classname="/modules/compute/main.tf.module.compute.aws_security_group.alb" file="/modules/compute/main.tf"/>
		<testcase name="[NONE][CKV_AWS_277] Ensure no security groups allow ingress from 0.0.0.0:0 to port -1" classname="/modules/compute/main.tf.module.compute.aws_security_group.alb" file="/modules/compute/main.tf"/>
		<testcase name="[NONE][CKV_AWS_23] Ensure every security group and rule has a description" classname="/modules/compute/main.tf.module.compute.aws_security_group.alb" file="/modules/compute/main.tf"/>
		<testcase name="[NONE][CKV_AWS_25] Ensure no security groups allow ingress from 0.0.0.0:0 to port 3389" classname="/modules/compute/main.tf.module.compute.aws_security_group.ec2" file="/modules/compute/main.tf"/>
		<testcase name="[NONE][CKV_AWS_24] Ensure no security groups allow ingress from 0.0.0.0:0 to port 22" classname="/modules/compute/main.tf.module.compute.aws_security_group.ec2" file="/modules/compute/main.tf"/>
		<testcase name="[NONE][CKV_AWS_277] Ensure no security groups allow ingress from 0.0.0.0:0 to port -1" classname="/modules/compute/main.tf.module.compute.aws_security_group.ec2" file="/modules/compute/main.tf"/>
		<testcase name="[NONE][CKV_AWS_260] Ensure no security groups allow ingress from 0.0.0.0:0 to port 80" classname="/modules/compute/main.tf.module.compute.aws_security_group.ec2" file="/modules/compute/main.tf"/>
		<testcase name="[NONE][CKV_AWS_23] Ensure every security group and rule has a description" classname="/modules/compute/main.tf.module.compute.aws_security_group.ec2" file="/modules/compute/main.tf"/>
		<testcase name="[NONE][CKV_AWS_163] Ensure ECR image scanning on push is enabled" classname="/modules/compute/main.tf.module.compute.aws_ecr_repository.app" file="/modules/compute/main.tf"/>
		<testcase name="[NONE][CKV_AWS_51] Ensure ECR Image Tags are immutable" classname="/modules/compute/main.tf.module.compute.aws_ecr_repository.app" file="/modules/compute/main.tf"/>
		<testcase name="[NONE][CKV_AWS_61] Ensure AWS IAM policy does not allow assume role permission across all services" classname="/modules/compute/main.tf.module.compute.aws_iam_role.ec2" file="/modules/compute/main.tf"/>
		<testcase name="[NONE][CKV_AWS_274] Disallow IAM roles, users, and groups from using the AWS AdministratorAccess policy" classname="/modules/compute/main.tf.module.compute.aws_iam_role.ec2" file="/modules/compute/main.tf"/>
		<testcase name="[NONE][CKV_AWS_393] Ensure AWS GitHub Actions OIDC authorization policies only allow safe claims and claim order on IAM role" classname="/modules/compute/main.tf.module.compute.aws_iam_role.ec2" file="/modules/compute/main.tf"/>
		<testcase name="[NONE][CKV_AWS_60] Ensure IAM role allows only specific services or principals to assume it" classname="/modules/compute/main.tf.module.compute.aws_iam_role.ec2" file="/modules/compute/main.tf"/>
		<testcase name="[NONE][CKV_AWS_286] Ensure IAM policies does not allow privilege escalation" classname="/modules/compute/main.tf.module.compute.aws_iam_role_policy.ec2_ecr" file="/modules/compute/main.tf"/>
		<testcase name="[NONE][CKV_AWS_290] Ensure IAM policies does not allow write access without constraints" classname="/modules/compute/main.tf.module.compute.aws_iam_role_policy.ec2_ecr" file="/modules/compute/main.tf"/>
		<testcase name="[NONE][CKV_AWS_355] Ensure no IAM policies documents allow &quot;*&quot; as a statement's resource for restrictable actions" classname="/modules/compute/main.tf.module.compute.aws_iam_role_policy.ec2_ecr" file="/modules/compute/main.tf"/>
		<testcase name="[NONE][CKV_AWS_63] Ensure no IAM policies documents allow &quot;*&quot; as a statement's actions" classname="/modules/compute/main.tf.module.compute.aws_iam_role_policy.ec2_ecr" file="/modules/compute/main.tf"/>
		<testcase name="[NONE][CKV_AWS_288] Ensure IAM policies does not allow data exfiltration" classname="/modules/compute/main.tf.module.compute.aws_iam_role_policy.ec2_ecr" file="/modules/compute/main.tf"/>
		<testcase name="[NONE][CKV_AWS_289] Ensure IAM policies does not allow permissions management / resource exposure without constraints" classname="/modules/compute/main.tf.module.compute.aws_iam_role_policy.ec2_ecr" file="/modules/compute/main.tf"/>
		<testcase name="[NONE][CKV_AWS_287] Ensure IAM policies does not allow credentials exposure" classname="/modules/compute/main.tf.module.compute.aws_iam_role_policy.ec2_ecr" file="/modules/compute/main.tf"/>
		<testcase name="[NONE][CKV_AWS_62] Ensure IAM policies that allow full &quot;*-*&quot; administrative privileges are not created" classname="/modules/compute/main.tf.module.compute.aws_iam_role_policy.ec2_ecr" file="/modules/compute/main.tf"/>
		<testcase name="[NONE][CKV_AWS_286] Ensure IAM policies does not allow privilege escalation" classname="/modules/compute/main.tf.module.compute.aws_iam_role_policy.ec2_secrets" file="/modules/compute/main.tf"/>
		<testcase name="[NONE][CKV_AWS_290] Ensure IAM policies does not allow write access without constraints" classname="/modules/compute/main.tf.module.compute.aws_iam_role_policy.ec2_secrets" file="/modules/compute/main.tf"/>
		<testcase name="[NONE][CKV_AWS_355] Ensure no IAM policies documents allow &quot;*&quot; as a statement's resource for restrictable actions" classname="/modules/compute/main.tf.module.compute.aws_iam_role_policy.ec2_secrets" file="/modules/compute/main.tf"/>
		<testcase name="[NONE][CKV_AWS_63] Ensure no IAM policies documents allow &quot;*&quot; as a statement's actions" classname="/modules/compute/main.tf.module.compute.aws_iam_role_policy.ec2_secrets" file="/modules/compute/main.tf"/>
		<testcase name="[NONE][CKV_AWS_288] Ensure IAM policies does not allow data exfiltration" classname="/modules/compute/main.tf.module.compute.aws_iam_role_policy.ec2_secrets" file="/modules/compute/main.tf"/>
		<testcase name="[NONE][CKV_AWS_289] Ensure IAM policies does not allow permissions management / resource exposure without constraints" classname="/modules/compute/main.tf.module.compute.aws_iam_role_policy.ec2_secrets" file="/modules/compute/main.tf"/>
		<testcase name="[NONE][CKV_AWS_287] Ensure IAM policies does not allow credentials exposure" classname="/modules/compute/main.tf.module.compute.aws_iam_role_policy.ec2_secrets" file="/modules/compute/main.tf"/>
		<testcase name="[NONE][CKV_AWS_62] Ensure IAM policies that allow full &quot;*-*&quot; administrative privileges are not created" classname="/modules/compute/main.tf.module.compute.aws_iam_role_policy.ec2_secrets" file="/modules/compute/main.tf"/>
		<testcase name="[NONE][CKV_AWS_286] Ensure IAM policies does not allow privilege escalation" classname="/modules/compute/main.tf.module.compute.aws_iam_role_policy.ec2_cloudwatch" file="/modules/compute/main.tf"/>
		<testcase name="[NONE][CKV_AWS_63] Ensure no IAM policies documents allow &quot;*&quot; as a statement's actions" classname="/modules/compute/main.tf.module.compute.aws_iam_role_policy.ec2_cloudwatch" file="/modules/compute/main.tf"/>
		<testcase name="[NONE][CKV_AWS_288] Ensure IAM policies does not allow data exfiltration" classname="/modules/compute/main.tf.module.compute.aws_iam_role_policy.ec2_cloudwatch" file="/modules/compute/main.tf"/>
		<testcase name="[NONE][CKV_AWS_289] Ensure IAM policies does not allow permissions management / resource exposure without constraints" classname="/modules/compute/main.tf.module.compute.aws_iam_role_policy.ec2_cloudwatch" file="/modules/compute/main.tf"/>
		<testcase name="[NONE][CKV_AWS_287] Ensure IAM policies does not allow credentials exposure" classname="/modules/compute/main.tf.module.compute.aws_iam_role_policy.ec2_cloudwatch" file="/modules/compute/main.tf"/>
		<testcase name="[NONE][CKV_AWS_62] Ensure IAM policies that allow full &quot;*-*&quot; administrative privileges are not created" classname="/modules/compute/main.tf.module.compute.aws_iam_role_policy.ec2_cloudwatch" file="/modules/compute/main.tf"/>
		<testcase name="[NONE][CKV_AWS_328] Ensure that ALB is configured with defensive or strictest desync mitigation mode" classname="/modules/compute/main.tf.module.compute.aws_lb.main" file="/modules/compute/main.tf"/>
		<testcase name="[NONE][CKV_AWS_261] Ensure HTTP HTTPS Target group defines Healthcheck" classname="/modules/compute/main.tf.module.compute.aws_lb_target_group.app" file="/modules/compute/main.tf"/>
		<testcase name="[NONE][CKV_AWS_88] EC2 instance should not have public IP." classname="/modules/compute/main.tf.module.compute.aws_launch_template.app" file="/modules/compute/main.tf"/>
		<testcase name="[NONE][CKV_AWS_46] Ensure no hard-coded secrets exist in EC2 user data" classname="/modules/compute/main.tf.module.compute.aws_launch_template.app" file="/modules/compute/main.tf"/>
		<testcase name="[NONE][CKV_AWS_341] Ensure Launch template should not have a metadata response hop limit greater than 1" classname="/modules/compute/main.tf.module.compute.aws_launch_template.app" file="/modules/compute/main.tf"/>
		<testcase name="[NONE][CKV_AWS_315] Ensure EC2 Auto Scaling groups use EC2 launch templates" classname="/modules/compute/main.tf.module.compute.aws_autoscaling_group.app" file="/modules/compute/main.tf"/>
		<testcase name="[NONE][CKV_AWS_153] Autoscaling groups should supply tags to launch configurations" classname="/modules/compute/main.tf.module.compute.aws_autoscaling_group.app" file="/modules/compute/main.tf"/>
		<testcase name="[NONE][CKV_AWS_319] Ensure that CloudWatch alarm actions are enabled" classname="/modules/compute/main.tf.module.compute.aws_cloudwatch_metric_alarm.cpu_low" file="/modules/compute/main.tf"/>
		<testcase name="[NONE][CKV_AWS_25] Ensure no security groups allow ingress from 0.0.0.0:0 to port 3389" classname="/modules/data/main.tf.module.data.aws_security_group.data_sg" file="/modules/data/main.tf"/>
		<testcase name="[NONE][CKV_AWS_24] Ensure no security groups allow ingress from 0.0.0.0:0 to port 22" classname="/modules/data/main.tf.module.data.aws_security_group.data_sg" file="/modules/data/main.tf"/>
		<testcase name="[NONE][CKV_AWS_277] Ensure no security groups allow ingress from 0.0.0.0:0 to port -1" classname="/modules/data/main.tf.module.data.aws_security_group.data_sg" file="/modules/data/main.tf"/>
		<testcase name="[NONE][CKV_AWS_260] Ensure no security groups allow ingress from 0.0.0.0:0 to port 80" classname="/modules/data/main.tf.module.data.aws_security_group.data_sg" file="/modules/data/main.tf"/>
		<testcase name="[NONE][CKV_AWS_96] Ensure all data stored in Aurora is securely encrypted at rest" classname="/modules/data/main.tf.module.data.aws_rds_cluster.aurora_cluster" file="/modules/data/main.tf"/>
		<testcase name="[NONE][CKV_AWS_133] Ensure that RDS instances has backup policy" classname="/modules/data/main.tf.module.data.aws_rds_cluster.aurora_cluster" file="/modules/data/main.tf"/>
		<testcase name="[NONE][CKV_AWS_354] Ensure RDS Performance Insights are encrypted using KMS CMKs" classname="/modules/data/main.tf.module.data.aws_rds_cluster_instance.aurora_instances[0]" file="/modules/data/main.tf"/>
		<testcase name="[NONE][CKV_AWS_17] Ensure all data stored in RDS is not publicly accessible" classname="/modules/data/main.tf.module.data.aws_rds_cluster_instance.aurora_instances[0]" file="/modules/data/main.tf"/>
		<testcase name="[NONE][CKV_AWS_354] Ensure RDS Performance Insights are encrypted using KMS CMKs" classname="/modules/data/main.tf.module.data.aws_rds_cluster_instance.aurora_instances[1]" file="/modules/data/main.tf"/>
		<testcase name="[NONE][CKV_AWS_17] Ensure all data stored in RDS is not publicly accessible" classname="/modules/data/main.tf.module.data.aws_rds_cluster_instance.aurora_instances[1]" file="/modules/data/main.tf"/>
		<testcase name="[NONE][CKV_AWS_93] Ensure S3 bucket policy does not lockout all but root user. (Prevent lockouts needing root account fixes)" classname="/modules/edge/main.tf.module.edge.aws_s3_bucket.edge_origin" file="/modules/edge/main.tf"/>
		<testcase name="[NONE][CKV_AWS_216] Ensure CloudFront distribution is enabled" classname="/modules/edge/main.tf.module.edge.aws_cloudfront_distribution.cdn" file="/modules/edge/main.tf"/>
		<testcase name="[NONE][CKV_AWS_34] Ensure CloudFront distribution ViewerProtocolPolicy is set to HTTPS" classname="/modules/edge/main.tf.module.edge.aws_cloudfront_distribution.cdn" file="/modules/edge/main.tf"/>
		<testcase name="[NONE][CKV_AWS_68] CloudFront Distribution should have WAF enabled" classname="/modules/edge/main.tf.module.edge.aws_cloudfront_distribution.cdn" file="/modules/edge/main.tf"/>
		<testcase name="[NONE][CKV_AWS_305] Ensure CloudFront distribution has a default root object configured" classname="/modules/edge/main.tf.module.edge.aws_cloudfront_distribution.cdn" file="/modules/edge/main.tf"/>
		<testcase name="[NONE][CKV_AWS_168] Ensure SQS queue policy is not public by only allowing specific services or principals to access it" classname="/modules/edge/main.tf.module.edge.aws_sqs_queue.async_queue" file="/modules/edge/main.tf"/>
		<testcase name="[NONE][CKV_AWS_61] Ensure AWS IAM policy does not allow assume role permission across all services" classname="/modules/edge/main.tf.module.edge.aws_iam_role.lambda_role" file="/modules/edge/main.tf"/>
		<testcase name="[NONE][CKV_AWS_274] Disallow IAM roles, users, and groups from using the AWS AdministratorAccess policy" classname="/modules/edge/main.tf.module.edge.aws_iam_role.lambda_role" file="/modules/edge/main.tf"/>
		<testcase name="[NONE][CKV_AWS_393] Ensure AWS GitHub Actions OIDC authorization policies only allow safe claims and claim order on IAM role" classname="/modules/edge/main.tf.module.edge.aws_iam_role.lambda_role" file="/modules/edge/main.tf"/>
		<testcase name="[NONE][CKV_AWS_60] Ensure IAM role allows only specific services or principals to assume it" classname="/modules/edge/main.tf.module.edge.aws_iam_role.lambda_role" file="/modules/edge/main.tf"/>
		<testcase name="[NONE][CKV_AWS_45] Ensure no hard-coded secrets exist in lambda environment" classname="/modules/edge/main.tf.module.edge.aws_lambda_function.edge_processor" file="/modules/edge/main.tf"/>
		<testcase name="[NONE][CKV_AWS_130] Ensure VPC subnets do not assign public IP by default" classname="/modules/network/main.tf.module.network.aws_subnet.public_1" file="/modules/network/main.tf"/>
		<testcase name="[NONE][CKV_AWS_130] Ensure VPC subnets do not assign public IP by default" classname="/modules/network/main.tf.module.network.aws_subnet.public_2" file="/modules/network/main.tf"/>
		<testcase name="[NONE][CKV_AWS_130] Ensure VPC subnets do not assign public IP by default" classname="/modules/network/main.tf.module.network.aws_subnet.private_3_compute" file="/modules/network/main.tf"/>
		<testcase name="[NONE][CKV_AWS_130] Ensure VPC subnets do not assign public IP by default" classname="/modules/network/main.tf.module.network.aws_subnet.private_4_compute" file="/modules/network/main.tf"/>
		<testcase name="[NONE][CKV_AWS_130] Ensure VPC subnets do not assign public IP by default" classname="/modules/network/main.tf.module.network.aws_subnet.private_5_data" file="/modules/network/main.tf"/>
		<testcase name="[NONE][CKV_AWS_130] Ensure VPC subnets do not assign public IP by default" classname="/modules/network/main.tf.module.network.aws_subnet.private_6_data" file="/modules/network/main.tf"/>
		<testcase name="[NONE][CKV_AWS_237] Ensure Create before destroy for API Gateway" classname="/modules/network/main.tf.module.network.aws_api_gateway_rest_api.api" file="/modules/network/main.tf"/>
		<testcase name="[NONE][CKV_AWS_41] Ensure no hard coded AWS access key and secret key exists in provider" classname="/providers.tf.aws.default" file="/providers.tf"/>
		<testcase name="[NONE][CKV2_AWS_35] AWS NAT Gateways should be utilized for the default route" classname="/modules/network/main.tf.module.network.aws_route_table.public" file="/modules/network/main.tf"/>
		<testcase name="[NONE][CKV2_AWS_72] Ensure AWS CloudFront origin protocol policy enforces HTTPS-only" classname="/modules/edge/main.tf.module.edge.aws_cloudfront_distribution.cdn" file="/modules/edge/main.tf"/>
		<testcase name="[NONE][CKV_AWS_19] Ensure all data stored in the S3 bucket is securely encrypted at rest" classname="/modules/edge/main.tf.module.edge.aws_s3_bucket.edge_origin" file="/modules/edge/main.tf"/>
		<testcase name="[NONE][CKV2_AWS_76] Ensure AWS ALB attached WAFv2 WebACL is configured with AMR for Log4j Vulnerability" classname="/modules/compute/main.tf.module.compute.aws_lb.main" file="/modules/compute/main.tf"/>
		<testcase name="[NONE][CKV2_AWS_73] Ensure AWS SQS uses CMK not AWS default keys for encryption" classname="/modules/edge/main.tf.module.edge.aws_sqs_queue.async_queue" file="/modules/edge/main.tf"/>
		<testcase name="[NONE][CKV2_AWS_5] Ensure that Security Groups are attached to another resource" classname="/modules/compute/main.tf.module.compute.aws_security_group.alb" file="/modules/compute/main.tf"/>
		<testcase name="[NONE][CKV2_AWS_5] Ensure that Security Groups are attached to another resource" classname="/modules/compute/main.tf.module.compute.aws_security_group.ec2" file="/modules/compute/main.tf"/>
		<testcase name="[NONE][CKV2_AWS_5] Ensure that Security Groups are attached to another resource" classname="/modules/data/main.tf.module.data.aws_security_group.data_sg" file="/modules/data/main.tf"/>
		<testcase name="[NONE][CKV2_AWS_40] Ensure AWS IAM policy does not allow full IAM privileges" classname="/modules/compute/main.tf.module.compute.aws_iam_role_policy.ec2_ecr" file="/modules/compute/main.tf"/>
		<testcase name="[NONE][CKV2_AWS_40] Ensure AWS IAM policy does not allow full IAM privileges" classname="/modules/compute/main.tf.module.compute.aws_iam_role_policy.ec2_secrets" file="/modules/compute/main.tf"/>
		<testcase name="[NONE][CKV2_AWS_40] Ensure AWS IAM policy does not allow full IAM privileges" classname="/modules/compute/main.tf.module.compute.aws_iam_role_policy.ec2_cloudwatch" file="/modules/compute/main.tf"/>
		<testcase name="[NONE][CKV2_AWS_54] Ensure AWS CloudFront distribution is using secure SSL protocols for HTTPS communication" classname="/modules/edge/main.tf.module.edge.aws_cloudfront_distribution.cdn" file="/modules/edge/main.tf"/>
		<testcase name="[NONE][CKV2_AWS_19] Ensure that all EIP addresses allocated to a VPC are attached to EC2 instances" classname="/modules/network/main.tf.module.network.aws_eip.nat_1" file="/modules/network/main.tf"/>
		<testcase name="[NONE][CKV2_AWS_19] Ensure that all EIP addresses allocated to a VPC are attached to EC2 instances" classname="/modules/network/main.tf.module.network.aws_eip.nat_2" file="/modules/network/main.tf"/>
		<testcase name="[NONE][CKV2_AWS_56] Ensure AWS Managed IAMFullAccess IAM policy is not used." classname="/modules/compute/main.tf.module.compute.aws_iam_role.ec2" file="/modules/compute/main.tf"/>
		<testcase name="[NONE][CKV2_AWS_56] Ensure AWS Managed IAMFullAccess IAM policy is not used." classname="/modules/edge/main.tf.module.edge.aws_iam_role.lambda_role" file="/modules/edge/main.tf"/>
		<testcase name="[NONE][CKV2_AWS_50] Ensure AWS ElastiCache Redis cluster with Multi-AZ Automatic Failover feature set to enabled" classname="/modules/data/main.tf.module.data.aws_elasticache_replication_group.redis_cluster" file="/modules/data/main.tf"/>
		<testcase name="[NONE][CKV_AWS_57] S3 Bucket has an ACL defined which allows public WRITE access." classname="/modules/edge/main.tf.module.edge.aws_s3_bucket.edge_origin" file="/modules/edge/main.tf"/>
		<testcase name="[NONE][CKV2_AWS_75] Ensure no open CORS policy" classname="/modules/edge/main.tf.module.edge.aws_lambda_function.edge_processor" file="/modules/edge/main.tf"/>
		<testcase name="[NONE][CKV2_AWS_74] Ensure AWS Load Balancers use strong ciphers" classname="/modules/compute/main.tf.module.compute.aws_lb_listener.http" file="/modules/compute/main.tf"/>
		<testcase name="[NONE][CKV_AWS_20] S3 Bucket has an ACL defined which allows public READ access." classname="/modules/edge/main.tf.module.edge.aws_s3_bucket.edge_origin" file="/modules/edge/main.tf"/>
		<testcase name="[NONE][CKV2_AWS_44] Ensure AWS route table with VPC peering does not contain routes overly permissive to all traffic" classname="/modules/network/main.tf.module.network.aws_route_table.public" file="/modules/network/main.tf"/>
		<testcase name="[NONE][CKV2_AWS_12] Ensure the default security group of every VPC restricts all traffic" classname="/modules/network/main.tf.module.network.aws_vpc.main" file="/modules/network/main.tf"/>
		<testcase name="[NONE][CKV_AWS_260] Ensure no security groups allow ingress from 0.0.0.0:0 to port 80" classname="/modules/compute/main.tf.module.compute.aws_security_group.alb" file="/modules/compute/main.tf">
			<failure type="failure" message="Ensure no security groups allow ingress from 0.0.0.0:0 to port 80">
Resource: module.compute.aws_security_group.alb
File: /modules/compute/main.tf: 32-67
Guideline: https://docs.prismacloud.io/en/enterprise-edition/policy-reference/aws-policies/aws-networking-policies/ensure-aws-security-groups-do-not-allow-ingress-from-00000-to-port-80

		32 | resource &quot;aws_security_group&quot; &quot;alb&quot; {
		33 |   name        = &quot;${var.proyecto}-${var.ambiente}-sg-alb&quot;
		34 |   description = &quot;Security Group del ALB - acepta HTTP/HTTPS desde internet&quot;
		35 |   vpc_id      = var.vpc_id
		36 | 
		37 |   ingress {
		38 |     description = &quot;HTTPS desde internet&quot;
		39 |     from_port   = 443
		40 |     to_port     = 443
		41 |     protocol    = &quot;tcp&quot;
		42 |     cidr_blocks = [&quot;0.0.0.0/0&quot;]
		43 |   }
		44 | 
		45 |   ingress {
		46 |     description = &quot;HTTP desde internet (redirige a HTTPS)&quot;
		47 |     from_port   = 80
		48 |     to_port     = 80
		49 |     protocol    = &quot;tcp&quot;
		50 |     cidr_blocks = [&quot;0.0.0.0/0&quot;]
		51 |   }
		52 | 
		53 |   egress {
		54 |     description = &quot;Salida hacia las instancias EC2&quot;
		55 |     from_port   = 0
		56 |     to_port     = 0
		57 |     protocol    = &quot;-1&quot;
		58 |     cidr_blocks = [&quot;0.0.0.0/0&quot;]
		59 |   }
		60 | 
		61 |   tags = {
		62 |     Name       = &quot;${var.proyecto}-${var.ambiente}-sg-alb&quot;
		63 |     Modulo     = &quot;compute&quot;
		64 |     Ambiente   = var.ambiente
		65 |     Gestionado = &quot;Terraform&quot;
		66 |   }
		67 | }
</failure>
		</testcase>
		<testcase name="[NONE][CKV_AWS_382] Ensure no security groups allow egress from 0.0.0.0:0 to port -1" classname="/modules/compute/main.tf.module.compute.aws_security_group.alb" file="/modules/compute/main.tf">
			<failure type="failure" message="Ensure no security groups allow egress from 0.0.0.0:0 to port -1">
Resource: module.compute.aws_security_group.alb
File: /modules/compute/main.tf: 32-67
Guideline: https://docs.prismacloud.io/en/enterprise-edition/policy-reference/aws-policies/aws-networking-policies/bc-aws-382

		32 | resource &quot;aws_security_group&quot; &quot;alb&quot; {
		33 |   name        = &quot;${var.proyecto}-${var.ambiente}-sg-alb&quot;
		34 |   description = &quot;Security Group del ALB - acepta HTTP/HTTPS desde internet&quot;
		35 |   vpc_id      = var.vpc_id
		36 | 
		37 |   ingress {
		38 |     description = &quot;HTTPS desde internet&quot;
		39 |     from_port   = 443
		40 |     to_port     = 443
		41 |     protocol    = &quot;tcp&quot;
		42 |     cidr_blocks = [&quot;0.0.0.0/0&quot;]
		43 |   }
		44 | 
		45 |   ingress {
		46 |     description = &quot;HTTP desde internet (redirige a HTTPS)&quot;
		47 |     from_port   = 80
		48 |     to_port     = 80
		49 |     protocol    = &quot;tcp&quot;
		50 |     cidr_blocks = [&quot;0.0.0.0/0&quot;]
		51 |   }
		52 | 
		53 |   egress {
		54 |     description = &quot;Salida hacia las instancias EC2&quot;
		55 |     from_port   = 0
		56 |     to_port     = 0
		57 |     protocol    = &quot;-1&quot;
		58 |     cidr_blocks = [&quot;0.0.0.0/0&quot;]
		59 |   }
		60 | 
		61 |   tags = {
		62 |     Name       = &quot;${var.proyecto}-${var.ambiente}-sg-alb&quot;
		63 |     Modulo     = &quot;compute&quot;
		64 |     Ambiente   = var.ambiente
		65 |     Gestionado = &quot;Terraform&quot;
		66 |   }
		67 | }
</failure>
		</testcase>
		<testcase name="[NONE][CKV_AWS_382] Ensure no security groups allow egress from 0.0.0.0:0 to port -1" classname="/modules/compute/main.tf.module.compute.aws_security_group.ec2" file="/modules/compute/main.tf">
			<failure type="failure" message="Ensure no security groups allow egress from 0.0.0.0:0 to port -1">
Resource: module.compute.aws_security_group.ec2
File: /modules/compute/main.tf: 79-106
Guideline: https://docs.prismacloud.io/en/enterprise-edition/policy-reference/aws-policies/aws-networking-policies/bc-aws-382

		79  | resource &quot;aws_security_group&quot; &quot;ec2&quot; {
		80  |   name        = &quot;${var.proyecto}-${var.ambiente}-sg-ec2&quot;
		81  |   description = &quot;Security Group de las EC2 - solo acepta trafico del ALB&quot;
		82  |   vpc_id      = var.vpc_id
		83  | 
		84  |   ingress {
		85  |     description     = &quot;Trafico de la app desde el ALB unicamente&quot;
		86  |     from_port       = var.app_port
		87  |     to_port         = var.app_port
		88  |     protocol        = &quot;tcp&quot;
		89  |     security_groups = [aws_security_group.alb.id]
		90  |   }
		91  | 
		92  |   egress {
		93  |     description = &quot;Salida a internet (via NAT) y a servicios internos (Aurora, Secrets Manager, ECR)&quot;
		94  |     from_port   = 0
		95  |     to_port     = 0
		96  |     protocol    = &quot;-1&quot;
		97  |     cidr_blocks = [&quot;0.0.0.0/0&quot;]
		98  |   }
		99  | 
		100 |   tags = {
		101 |     Name       = &quot;${var.proyecto}-${var.ambiente}-sg-ec2&quot;
		102 |     Modulo     = &quot;compute&quot;
		103 |     Ambiente   = var.ambiente
		104 |     Gestionado = &quot;Terraform&quot;
		105 |   }
		106 | }
</failure>
		</testcase>
		<testcase name="[NONE][CKV_AWS_136] Ensure that ECR repositories are encrypted using KMS" classname="/modules/compute/main.tf.module.compute.aws_ecr_repository.app" file="/modules/compute/main.tf">
			<failure type="failure" message="Ensure that ECR repositories are encrypted using KMS">
Resource: module.compute.aws_ecr_repository.app
File: /modules/compute/main.tf: 115-129
Guideline: https://docs.prismacloud.io/en/enterprise-edition/policy-reference/aws-policies/aws-general-policies/ensure-that-ecr-repositories-are-encrypted

		115 | resource &quot;aws_ecr_repository&quot; &quot;app&quot; {
		116 |   name                 = &quot;${var.proyecto}-${var.ambiente}-ecr-app&quot;
		117 |   image_tag_mutability = &quot;IMMUTABLE&quot;
		118 |   force_delete         = true   
		119 |   image_scanning_configuration {
		120 |     scan_on_push = true
		121 |   }
		122 | 
		123 |   tags = {
		124 |     Name       = &quot;${var.proyecto}-${var.ambiente}-ecr-app&quot;
		125 |     Modulo     = &quot;compute&quot;
		126 |     Ambiente   = var.ambiente
		127 |     Gestionado = &quot;Terraform&quot;
		128 |   }
		129 | }
</failure>
		</testcase>
		<testcase name="[NONE][CKV_AWS_290] Ensure IAM policies does not allow write access without constraints" classname="/modules/compute/main.tf.module.compute.aws_iam_role_policy.ec2_cloudwatch" file="/modules/compute/main.tf">
			<failure type="failure" message="Ensure IAM policies does not allow write access without constraints">
Resource: module.compute.aws_iam_role_policy.ec2_cloudwatch
File: /modules/compute/main.tf: 249-269
Guideline: https://docs.prismacloud.io/en/enterprise-edition/policy-reference/aws-policies/aws-iam-policies/bc-aws-290

		249 | resource &quot;aws_iam_role_policy&quot; &quot;ec2_cloudwatch&quot; {
		250 |   name = &quot;${var.proyecto}-${var.ambiente}-policy-ec2-cloudwatch&quot;
		251 |   role = aws_iam_role.ec2.id
		252 | 
		253 |   policy = jsonencode({
		254 |     Version = &quot;2012-10-17&quot;
		255 |     Statement = [
		256 |       {
		257 |         Sid    = &quot;CloudWatchLogsMetrics&quot;
		258 |         Effect = &quot;Allow&quot;
		259 |         Action = [
		260 |           &quot;cloudwatch:PutMetricData&quot;,
		261 |           &quot;logs:CreateLogGroup&quot;,
		262 |           &quot;logs:CreateLogStream&quot;,
		263 |           &quot;logs:PutLogEvents&quot;
		264 |         ]
		265 |         Resource = &quot;*&quot;
		266 |       }
		267 |     ]
		268 |   })
		269 | }
</failure>
		</testcase>
		<testcase name="[NONE][CKV_AWS_355] Ensure no IAM policies documents allow &quot;*&quot; as a statement's resource for restrictable actions" classname="/modules/compute/main.tf.module.compute.aws_iam_role_policy.ec2_cloudwatch" file="/modules/compute/main.tf">
			<failure type="failure" message="Ensure no IAM policies documents allow &quot;*&quot; as a statement's resource for restrictable actions">
Resource: module.compute.aws_iam_role_policy.ec2_cloudwatch
File: /modules/compute/main.tf: 249-269
Guideline: https://docs.prismacloud.io/en/enterprise-edition/policy-reference/aws-policies/aws-iam-policies/bc-aws-355

		249 | resource &quot;aws_iam_role_policy&quot; &quot;ec2_cloudwatch&quot; {
		250 |   name = &quot;${var.proyecto}-${var.ambiente}-policy-ec2-cloudwatch&quot;
		251 |   role = aws_iam_role.ec2.id
		252 | 
		253 |   policy = jsonencode({
		254 |     Version = &quot;2012-10-17&quot;
		255 |     Statement = [
		256 |       {
		257 |         Sid    = &quot;CloudWatchLogsMetrics&quot;
		258 |         Effect = &quot;Allow&quot;
		259 |         Action = [
		260 |           &quot;cloudwatch:PutMetricData&quot;,
		261 |           &quot;logs:CreateLogGroup&quot;,
		262 |           &quot;logs:CreateLogStream&quot;,
		263 |           &quot;logs:PutLogEvents&quot;
		264 |         ]
		265 |         Resource = &quot;*&quot;
		266 |       }
		267 |     ]
		268 |   })
		269 | }
</failure>
		</testcase>
		<testcase name="[NONE][CKV_AWS_131] Ensure that ALB drops HTTP headers" classname="/modules/compute/main.tf.module.compute.aws_lb.main" file="/modules/compute/main.tf">
			<failure type="failure" message="Ensure that ALB drops HTTP headers">
Resource: module.compute.aws_lb.main
File: /modules/compute/main.tf: 295-311
Guideline: https://docs.prismacloud.io/en/enterprise-edition/policy-reference/aws-policies/aws-networking-policies/ensure-that-alb-drops-http-headers

		295 | resource &quot;aws_lb&quot; &quot;main&quot; {
		296 |   name               = &quot;${var.proyecto}-${var.ambiente}-alb&quot;
		297 |   internal           = false
		298 |   load_balancer_type = &quot;application&quot;
		299 | 
		300 |   subnets         = var.public_subnets
		301 |   security_groups = [aws_security_group.alb.id]
		302 | 
		303 |   enable_deletion_protection = var.enable_deletion_protection
		304 | 
		305 |   tags = {
		306 |     Name       = &quot;${var.proyecto}-${var.ambiente}-alb&quot;
		307 |     Modulo     = &quot;compute&quot;
		308 |     Ambiente   = var.ambiente
		309 |     Gestionado = &quot;Terraform&quot;
		310 |   }
		311 | }
</failure>
		</testcase>
		<testcase name="[NONE][CKV_AWS_150] Ensure that Load Balancer has deletion protection enabled" classname="/modules/compute/main.tf.module.compute.aws_lb.main" file="/modules/compute/main.tf">
			<failure type="failure" message="Ensure that Load Balancer has deletion protection enabled">
Resource: module.compute.aws_lb.main
File: /modules/compute/main.tf: 295-311
Guideline: https://docs.prismacloud.io/en/enterprise-edition/policy-reference/aws-policies/aws-general-policies/bc-aws-150

		295 | resource &quot;aws_lb&quot; &quot;main&quot; {
		296 |   name               = &quot;${var.proyecto}-${var.ambiente}-alb&quot;
		297 |   internal           = false
		298 |   load_balancer_type = &quot;application&quot;
		299 | 
		300 |   subnets         = var.public_subnets
		301 |   security_groups = [aws_security_group.alb.id]
		302 | 
		303 |   enable_deletion_protection = var.enable_deletion_protection
		304 | 
		305 |   tags = {
		306 |     Name       = &quot;${var.proyecto}-${var.ambiente}-alb&quot;
		307 |     Modulo     = &quot;compute&quot;
		308 |     Ambiente   = var.ambiente
		309 |     Gestionado = &quot;Terraform&quot;
		310 |   }
		311 | }
</failure>
		</testcase>
		<testcase name="[NONE][CKV_AWS_91] Ensure the ELBv2 (Application/Network) has access logging enabled" classname="/modules/compute/main.tf.module.compute.aws_lb.main" file="/modules/compute/main.tf">
			<failure type="failure" message="Ensure the ELBv2 (Application/Network) has access logging enabled">
Resource: module.compute.aws_lb.main
File: /modules/compute/main.tf: 295-311
Guideline: https://docs.prismacloud.io/en/enterprise-edition/policy-reference/aws-policies/aws-logging-policies/bc-aws-logging-22

		295 | resource &quot;aws_lb&quot; &quot;main&quot; {
		296 |   name               = &quot;${var.proyecto}-${var.ambiente}-alb&quot;
		297 |   internal           = false
		298 |   load_balancer_type = &quot;application&quot;
		299 | 
		300 |   subnets         = var.public_subnets
		301 |   security_groups = [aws_security_group.alb.id]
		302 | 
		303 |   enable_deletion_protection = var.enable_deletion_protection
		304 | 
		305 |   tags = {
		306 |     Name       = &quot;${var.proyecto}-${var.ambiente}-alb&quot;
		307 |     Modulo     = &quot;compute&quot;
		308 |     Ambiente   = var.ambiente
		309 |     Gestionado = &quot;Terraform&quot;
		310 |   }
		311 | }
</failure>
		</testcase>
		<testcase name="[NONE][CKV_AWS_2] Ensure ALB protocol is HTTPS" classname="/modules/compute/main.tf.module.compute.aws_lb_listener.http" file="/modules/compute/main.tf">
			<failure type="failure" message="Ensure ALB protocol is HTTPS">
Resource: module.compute.aws_lb_listener.http
File: /modules/compute/main.tf: 342-351
Guideline: https://docs.prismacloud.io/en/enterprise-edition/policy-reference/aws-policies/aws-networking-policies/networking-29

		342 | resource &quot;aws_lb_listener&quot; &quot;http&quot; {
		343 |   load_balancer_arn = aws_lb.main.arn
		344 |   port              = 80
		345 |   protocol          = &quot;HTTP&quot;
		346 | 
		347 |   default_action {
		348 |     type             = &quot;forward&quot;
		349 |     target_group_arn = aws_lb_target_group.app.arn
		350 |   }
		351 | }
</failure>
		</testcase>
		<testcase name="[NONE][CKV_AWS_79] Ensure Instance Metadata Service Version 1 is not enabled" classname="/modules/compute/main.tf.module.compute.aws_launch_template.app" file="/modules/compute/main.tf">
			<failure type="failure" message="Ensure Instance Metadata Service Version 1 is not enabled">
Resource: module.compute.aws_launch_template.app
File: /modules/compute/main.tf: 361-447
Guideline: https://docs.prismacloud.io/en/enterprise-edition/policy-reference/aws-policies/aws-general-policies/bc-aws-general-31

		Code lines for this resource are too many. Please use IDE of your choice to review the file.</failure>
		</testcase>
		<testcase name="[NONE][CKV_AWS_23] Ensure every security group and rule has a description" classname="/modules/data/main.tf.module.data.aws_security_group.data_sg" file="/modules/data/main.tf">
			<failure type="failure" message="Ensure every security group and rule has a description">
Resource: module.data.aws_security_group.data_sg
File: /modules/data/main.tf: 13-37
Guideline: https://docs.prismacloud.io/en/enterprise-edition/policy-reference/aws-policies/aws-networking-policies/networking-31

		13 | resource &quot;aws_security_group&quot; &quot;data_sg&quot; {
		14 |   name        = &quot;${var.proyecto}-${var.ambiente}-data-sg&quot;
		15 |   description = &quot;Filtro estricto para Aurora y Redis. Solo permite acceso desde capa de computo.&quot;
		16 |   vpc_id      = var.vpc_id
		17 | 
		18 |   ingress {
		19 |     from_port       = 3306
		20 |     to_port         = 3306
		21 |     protocol        = &quot;tcp&quot;
		22 |     security_groups = [var.security_group_compute_id]
		23 |   }
		24 |   ingress {
		25 |     from_port       = 6379
		26 |     to_port         = 6379
		27 |     protocol        = &quot;tcp&quot;
		28 |     security_groups = [var.security_group_compute_id]
		29 |   }
		30 |   egress {
		31 |     from_port   = 0
		32 |     to_port     = 0
		33 |     protocol    = &quot;-1&quot;
		34 |     cidr_blocks = [&quot;0.0.0.0/0&quot;]
		35 |   }
		36 |   tags = { Name = &quot;${var.proyecto}-${var.ambiente}-data-sg&quot;, Modulo = &quot;data&quot;, Ambiente = var.ambiente, Gestionado = &quot;Terraform&quot; }
		37 | }
</failure>
		</testcase>
		<testcase name="[NONE][CKV_AWS_382] Ensure no security groups allow egress from 0.0.0.0:0 to port -1" classname="/modules/data/main.tf.module.data.aws_security_group.data_sg" file="/modules/data/main.tf">
			<failure type="failure" message="Ensure no security groups allow egress from 0.0.0.0:0 to port -1">
Resource: module.data.aws_security_group.data_sg
File: /modules/data/main.tf: 13-37
Guideline: https://docs.prismacloud.io/en/enterprise-edition/policy-reference/aws-policies/aws-networking-policies/bc-aws-382

		13 | resource &quot;aws_security_group&quot; &quot;data_sg&quot; {
		14 |   name        = &quot;${var.proyecto}-${var.ambiente}-data-sg&quot;
		15 |   description = &quot;Filtro estricto para Aurora y Redis. Solo permite acceso desde capa de computo.&quot;
		16 |   vpc_id      = var.vpc_id
		17 | 
		18 |   ingress {
		19 |     from_port       = 3306
		20 |     to_port         = 3306
		21 |     protocol        = &quot;tcp&quot;
		22 |     security_groups = [var.security_group_compute_id]
		23 |   }
		24 |   ingress {
		25 |     from_port       = 6379
		26 |     to_port         = 6379
		27 |     protocol        = &quot;tcp&quot;
		28 |     security_groups = [var.security_group_compute_id]
		29 |   }
		30 |   egress {
		31 |     from_port   = 0
		32 |     to_port     = 0
		33 |     protocol    = &quot;-1&quot;
		34 |     cidr_blocks = [&quot;0.0.0.0/0&quot;]
		35 |   }
		36 |   tags = { Name = &quot;${var.proyecto}-${var.ambiente}-data-sg&quot;, Modulo = &quot;data&quot;, Ambiente = var.ambiente, Gestionado = &quot;Terraform&quot; }
		37 | }
</failure>
		</testcase>
		<testcase name="[NONE][CKV_AWS_149] Ensure that Secrets Manager secret is encrypted using KMS CMK" classname="/modules/data/main.tf.module.data.aws_secretsmanager_secret.db_credentials" file="/modules/data/main.tf">
			<failure type="failure" message="Ensure that Secrets Manager secret is encrypted using KMS CMK">
Resource: module.data.aws_secretsmanager_secret.db_credentials
File: /modules/data/main.tf: 44-47
Guideline: https://docs.prismacloud.io/en/enterprise-edition/policy-reference/aws-policies/aws-general-policies/ensure-that-secrets-manager-secret-is-encrypted-using-kms

		44 | resource &quot;aws_secretsmanager_secret&quot; &quot;db_credentials&quot; {
		45 |   name = &quot;${var.proyecto}-${var.ambiente}-db-credentials&quot;
		46 |   tags = { Name = &quot;${var.proyecto}-${var.ambiente}-db-credentials&quot;, Modulo = &quot;data&quot;, Ambiente = var.ambiente, Gestionado = &quot;Terraform&quot; }
		47 | }
</failure>
		</testcase>
		<testcase name="[NONE][CKV_AWS_139] Ensure that RDS clusters have deletion protection enabled" classname="/modules/data/main.tf.module.data.aws_rds_cluster.aurora_cluster" file="/modules/data/main.tf">
			<failure type="failure" message="Ensure that RDS clusters have deletion protection enabled">
Resource: module.data.aws_rds_cluster.aurora_cluster
File: /modules/data/main.tf: 59-70
Guideline: https://docs.prismacloud.io/en/enterprise-edition/policy-reference/aws-policies/aws-general-policies/ensure-that-rds-clusters-and-instances-have-deletion-protection-enabled

		59 | resource &quot;aws_rds_cluster&quot; &quot;aurora_cluster&quot; {
		60 |   cluster_identifier     = &quot;${var.proyecto}-${var.ambiente}-aurora-cluster&quot;
		61 |   engine                 = var.db_engine
		62 |   engine_version         = var.db_engine_version
		63 |   master_username        = jsondecode(aws_secretsmanager_secret_version.db_credentials_version.secret_string)[&quot;username&quot;]
		64 |   master_password        = jsondecode(aws_secretsmanager_secret_version.db_credentials_version.secret_string)[&quot;password&quot;]
		65 |   db_subnet_group_name   = aws_db_subnet_group.aurora_subnet_group.name
		66 |   vpc_security_group_ids = [aws_security_group.data_sg.id]
		67 |   storage_encrypted      = true
		68 |   skip_final_snapshot    = true
		69 |   tags                   = { Name = &quot;${var.proyecto}-${var.ambiente}-aurora-cluster&quot;, Modulo = &quot;data&quot;, Ambiente = var.ambiente, Gestionado = &quot;Terraform&quot; }
		70 | }
</failure>
		</testcase>
		<testcase name="[NONE][CKV_AWS_327] Ensure RDS Clusters are encrypted using KMS CMKs" classname="/modules/data/main.tf.module.data.aws_rds_cluster.aurora_cluster" file="/modules/data/main.tf">
			<failure type="failure" message="Ensure RDS Clusters are encrypted using KMS CMKs">
Resource: module.data.aws_rds_cluster.aurora_cluster
File: /modules/data/main.tf: 59-70
Guideline: https://docs.prismacloud.io/en/enterprise-edition/policy-reference/aws-policies/aws-general-policies/bc-aws-327

		59 | resource &quot;aws_rds_cluster&quot; &quot;aurora_cluster&quot; {
		60 |   cluster_identifier     = &quot;${var.proyecto}-${var.ambiente}-aurora-cluster&quot;
		61 |   engine                 = var.db_engine
		62 |   engine_version         = var.db_engine_version
		63 |   master_username        = jsondecode(aws_secretsmanager_secret_version.db_credentials_version.secret_string)[&quot;username&quot;]
		64 |   master_password        = jsondecode(aws_secretsmanager_secret_version.db_credentials_version.secret_string)[&quot;password&quot;]
		65 |   db_subnet_group_name   = aws_db_subnet_group.aurora_subnet_group.name
		66 |   vpc_security_group_ids = [aws_security_group.data_sg.id]
		67 |   storage_encrypted      = true
		68 |   skip_final_snapshot    = true
		69 |   tags                   = { Name = &quot;${var.proyecto}-${var.ambiente}-aurora-cluster&quot;, Modulo = &quot;data&quot;, Ambiente = var.ambiente, Gestionado = &quot;Terraform&quot; }
		70 | }
</failure>
		</testcase>
		<testcase name="[NONE][CKV_AWS_162] Ensure RDS cluster has IAM authentication enabled" classname="/modules/data/main.tf.module.data.aws_rds_cluster.aurora_cluster" file="/modules/data/main.tf">
			<failure type="failure" message="Ensure RDS cluster has IAM authentication enabled">
Resource: module.data.aws_rds_cluster.aurora_cluster
File: /modules/data/main.tf: 59-70
Guideline: https://docs.prismacloud.io/en/enterprise-edition/policy-reference/aws-policies/aws-iam-policies/ensure-rds-cluster-has-iam-authentication-enabled

		59 | resource &quot;aws_rds_cluster&quot; &quot;aurora_cluster&quot; {
		60 |   cluster_identifier     = &quot;${var.proyecto}-${var.ambiente}-aurora-cluster&quot;
		61 |   engine                 = var.db_engine
		62 |   engine_version         = var.db_engine_version
		63 |   master_username        = jsondecode(aws_secretsmanager_secret_version.db_credentials_version.secret_string)[&quot;username&quot;]
		64 |   master_password        = jsondecode(aws_secretsmanager_secret_version.db_credentials_version.secret_string)[&quot;password&quot;]
		65 |   db_subnet_group_name   = aws_db_subnet_group.aurora_subnet_group.name
		66 |   vpc_security_group_ids = [aws_security_group.data_sg.id]
		67 |   storage_encrypted      = true
		68 |   skip_final_snapshot    = true
		69 |   tags                   = { Name = &quot;${var.proyecto}-${var.ambiente}-aurora-cluster&quot;, Modulo = &quot;data&quot;, Ambiente = var.ambiente, Gestionado = &quot;Terraform&quot; }
		70 | }
</failure>
		</testcase>
		<testcase name="[NONE][CKV_AWS_313] Ensure RDS cluster configured to copy tags to snapshots" classname="/modules/data/main.tf.module.data.aws_rds_cluster.aurora_cluster" file="/modules/data/main.tf">
			<failure type="failure" message="Ensure RDS cluster configured to copy tags to snapshots">
Resource: module.data.aws_rds_cluster.aurora_cluster
File: /modules/data/main.tf: 59-70
Guideline: https://docs.prismacloud.io/en/enterprise-edition/policy-reference/aws-policies/aws-general-policies/bc-aws-313

		59 | resource &quot;aws_rds_cluster&quot; &quot;aurora_cluster&quot; {
		60 |   cluster_identifier     = &quot;${var.proyecto}-${var.ambiente}-aurora-cluster&quot;
		61 |   engine                 = var.db_engine
		62 |   engine_version         = var.db_engine_version
		63 |   master_username        = jsondecode(aws_secretsmanager_secret_version.db_credentials_version.secret_string)[&quot;username&quot;]
		64 |   master_password        = jsondecode(aws_secretsmanager_secret_version.db_credentials_version.secret_string)[&quot;password&quot;]
		65 |   db_subnet_group_name   = aws_db_subnet_group.aurora_subnet_group.name
		66 |   vpc_security_group_ids = [aws_security_group.data_sg.id]
		67 |   storage_encrypted      = true
		68 |   skip_final_snapshot    = true
		69 |   tags                   = { Name = &quot;${var.proyecto}-${var.ambiente}-aurora-cluster&quot;, Modulo = &quot;data&quot;, Ambiente = var.ambiente, Gestionado = &quot;Terraform&quot; }
		70 | }
</failure>
		</testcase>
		<testcase name="[NONE][CKV_AWS_324] Ensure that RDS Cluster log capture is enabled" classname="/modules/data/main.tf.module.data.aws_rds_cluster.aurora_cluster" file="/modules/data/main.tf">
			<failure type="failure" message="Ensure that RDS Cluster log capture is enabled">
Resource: module.data.aws_rds_cluster.aurora_cluster
File: /modules/data/main.tf: 59-70
Guideline: https://docs.prismacloud.io/en/enterprise-edition/policy-reference/aws-policies/aws-logging-policies/bc-aws-324

		59 | resource &quot;aws_rds_cluster&quot; &quot;aurora_cluster&quot; {
		60 |   cluster_identifier     = &quot;${var.proyecto}-${var.ambiente}-aurora-cluster&quot;
		61 |   engine                 = var.db_engine
		62 |   engine_version         = var.db_engine_version
		63 |   master_username        = jsondecode(aws_secretsmanager_secret_version.db_credentials_version.secret_string)[&quot;username&quot;]
		64 |   master_password        = jsondecode(aws_secretsmanager_secret_version.db_credentials_version.secret_string)[&quot;password&quot;]
		65 |   db_subnet_group_name   = aws_db_subnet_group.aurora_subnet_group.name
		66 |   vpc_security_group_ids = [aws_security_group.data_sg.id]
		67 |   storage_encrypted      = true
		68 |   skip_final_snapshot    = true
		69 |   tags                   = { Name = &quot;${var.proyecto}-${var.ambiente}-aurora-cluster&quot;, Modulo = &quot;data&quot;, Ambiente = var.ambiente, Gestionado = &quot;Terraform&quot; }
		70 | }
</failure>
		</testcase>
		<testcase name="[NONE][CKV_AWS_353] Ensure that RDS instances have performance insights enabled" classname="/modules/data/main.tf.module.data.aws_rds_cluster_instance.aurora_instances[0]" file="/modules/data/main.tf">
			<failure type="failure" message="Ensure that RDS instances have performance insights enabled">
Resource: module.data.aws_rds_cluster_instance.aurora_instances[0]
File: /modules/data/main.tf: 72-81
Guideline: https://docs.prismacloud.io/en/enterprise-edition/policy-reference/aws-policies/aws-logging-policies/bc-aws-353

		72 | resource &quot;aws_rds_cluster_instance&quot; &quot;aurora_instances&quot; {
		73 |   count                = 2
		74 |   identifier           = &quot;${var.proyecto}-${var.ambiente}-aurora-instance-${count.index + 1}&quot;
		75 |   cluster_identifier   = aws_rds_cluster.aurora_cluster.id
		76 |   instance_class       = var.db_instance_class
		77 |   engine               = aws_rds_cluster.aurora_cluster.engine
		78 |   engine_version       = aws_rds_cluster.aurora_cluster.engine_version
		79 |   db_subnet_group_name = aws_db_subnet_group.aurora_subnet_group.name
		80 |   tags                 = { Name = &quot;${var.proyecto}-${var.ambiente}-aurora-instance-${count.index + 1}&quot;, Modulo = &quot;data&quot;, Ambiente = var.ambiente, Gestionado = &quot;Terraform&quot; }
		81 | }
</failure>
		</testcase>
		<testcase name="[NONE][CKV_AWS_118] Ensure that enhanced monitoring is enabled for Amazon RDS instances" classname="/modules/data/main.tf.module.data.aws_rds_cluster_instance.aurora_instances[0]" file="/modules/data/main.tf">
			<failure type="failure" message="Ensure that enhanced monitoring is enabled for Amazon RDS instances">
Resource: module.data.aws_rds_cluster_instance.aurora_instances[0]
File: /modules/data/main.tf: 72-81
Guideline: https://docs.prismacloud.io/en/enterprise-edition/policy-reference/aws-policies/aws-logging-policies/ensure-that-enhanced-monitoring-is-enabled-for-amazon-rds-instances

		72 | resource &quot;aws_rds_cluster_instance&quot; &quot;aurora_instances&quot; {
		73 |   count                = 2
		74 |   identifier           = &quot;${var.proyecto}-${var.ambiente}-aurora-instance-${count.index + 1}&quot;
		75 |   cluster_identifier   = aws_rds_cluster.aurora_cluster.id
		76 |   instance_class       = var.db_instance_class
		77 |   engine               = aws_rds_cluster.aurora_cluster.engine
		78 |   engine_version       = aws_rds_cluster.aurora_cluster.engine_version
		79 |   db_subnet_group_name = aws_db_subnet_group.aurora_subnet_group.name
		80 |   tags                 = { Name = &quot;${var.proyecto}-${var.ambiente}-aurora-instance-${count.index + 1}&quot;, Modulo = &quot;data&quot;, Ambiente = var.ambiente, Gestionado = &quot;Terraform&quot; }
		81 | }
</failure>
		</testcase>
		<testcase name="[NONE][CKV_AWS_226] Ensure DB instance gets all minor upgrades automatically" classname="/modules/data/main.tf.module.data.aws_rds_cluster_instance.aurora_instances[0]" file="/modules/data/main.tf">
			<failure type="failure" message="Ensure DB instance gets all minor upgrades automatically">
Resource: module.data.aws_rds_cluster_instance.aurora_instances[0]
File: /modules/data/main.tf: 72-81
Guideline: https://docs.prismacloud.io/en/enterprise-edition/policy-reference/aws-policies/aws-general-policies/ensure-aws-db-instance-gets-all-minor-upgrades-automatically

		72 | resource &quot;aws_rds_cluster_instance&quot; &quot;aurora_instances&quot; {
		73 |   count                = 2
		74 |   identifier           = &quot;${var.proyecto}-${var.ambiente}-aurora-instance-${count.index + 1}&quot;
		75 |   cluster_identifier   = aws_rds_cluster.aurora_cluster.id
		76 |   instance_class       = var.db_instance_class
		77 |   engine               = aws_rds_cluster.aurora_cluster.engine
		78 |   engine_version       = aws_rds_cluster.aurora_cluster.engine_version
		79 |   db_subnet_group_name = aws_db_subnet_group.aurora_subnet_group.name
		80 |   tags                 = { Name = &quot;${var.proyecto}-${var.ambiente}-aurora-instance-${count.index + 1}&quot;, Modulo = &quot;data&quot;, Ambiente = var.ambiente, Gestionado = &quot;Terraform&quot; }
		81 | }
</failure>
		</testcase>
		<testcase name="[NONE][CKV_AWS_31] Ensure all data stored in the ElastiCache Replication Group is securely encrypted at transit and has auth token" classname="/modules/data/main.tf.module.data.aws_elasticache_replication_group.redis_cluster" file="/modules/data/main.tf">
			<failure type="failure" message="Ensure all data stored in the ElastiCache Replication Group is securely encrypted at transit and has auth token">
Resource: module.data.aws_elasticache_replication_group.redis_cluster
File: /modules/data/main.tf: 83-93
Guideline: https://docs.prismacloud.io/en/enterprise-edition/policy-reference/aws-policies/aws-general-policies/general-11

		83 | resource &quot;aws_elasticache_replication_group&quot; &quot;redis_cluster&quot; {
		84 |   replication_group_id       = &quot;${var.proyecto}-${var.ambiente}-redis&quot;
		85 |   description                = &quot;Cluster de Redis&quot;
		86 |   node_type                  = var.redis_node_type
		87 |   port                       = 6379
		88 |   subnet_group_name          = aws_elasticache_subnet_group.redis_subnet_group.name
		89 |   security_group_ids         = [aws_security_group.data_sg.id]
		90 |   automatic_failover_enabled = true
		91 |   num_cache_clusters         = 2
		92 |   tags                       = { Name = &quot;${var.proyecto}-${var.ambiente}-redis&quot;, Modulo = &quot;data&quot;, Ambiente = var.ambiente, Gestionado = &quot;Terraform&quot; }
		93 | }</failure>
		</testcase>
		<testcase name="[NONE][CKV_AWS_29] Ensure all data stored in the ElastiCache Replication Group is securely encrypted at rest" classname="/modules/data/main.tf.module.data.aws_elasticache_replication_group.redis_cluster" file="/modules/data/main.tf">
			<failure type="failure" message="Ensure all data stored in the ElastiCache Replication Group is securely encrypted at rest">
Resource: module.data.aws_elasticache_replication_group.redis_cluster
File: /modules/data/main.tf: 83-93
Guideline: https://docs.prismacloud.io/en/enterprise-edition/policy-reference/aws-policies/aws-general-policies/general-9

		83 | resource &quot;aws_elasticache_replication_group&quot; &quot;redis_cluster&quot; {
		84 |   replication_group_id       = &quot;${var.proyecto}-${var.ambiente}-redis&quot;
		85 |   description                = &quot;Cluster de Redis&quot;
		86 |   node_type                  = var.redis_node_type
		87 |   port                       = 6379
		88 |   subnet_group_name          = aws_elasticache_subnet_group.redis_subnet_group.name
		89 |   security_group_ids         = [aws_security_group.data_sg.id]
		90 |   automatic_failover_enabled = true
		91 |   num_cache_clusters         = 2
		92 |   tags                       = { Name = &quot;${var.proyecto}-${var.ambiente}-redis&quot;, Modulo = &quot;data&quot;, Ambiente = var.ambiente, Gestionado = &quot;Terraform&quot; }
		93 | }</failure>
		</testcase>
		<testcase name="[NONE][CKV_AWS_30] Ensure all data stored in the ElastiCache Replication Group is securely encrypted at transit" classname="/modules/data/main.tf.module.data.aws_elasticache_replication_group.redis_cluster" file="/modules/data/main.tf">
			<failure type="failure" message="Ensure all data stored in the ElastiCache Replication Group is securely encrypted at transit">
Resource: module.data.aws_elasticache_replication_group.redis_cluster
File: /modules/data/main.tf: 83-93
Guideline: https://docs.prismacloud.io/en/enterprise-edition/policy-reference/aws-policies/aws-general-policies/general-10

		83 | resource &quot;aws_elasticache_replication_group&quot; &quot;redis_cluster&quot; {
		84 |   replication_group_id       = &quot;${var.proyecto}-${var.ambiente}-redis&quot;
		85 |   description                = &quot;Cluster de Redis&quot;
		86 |   node_type                  = var.redis_node_type
		87 |   port                       = 6379
		88 |   subnet_group_name          = aws_elasticache_subnet_group.redis_subnet_group.name
		89 |   security_group_ids         = [aws_security_group.data_sg.id]
		90 |   automatic_failover_enabled = true
		91 |   num_cache_clusters         = 2
		92 |   tags                       = { Name = &quot;${var.proyecto}-${var.ambiente}-redis&quot;, Modulo = &quot;data&quot;, Ambiente = var.ambiente, Gestionado = &quot;Terraform&quot; }
		93 | }</failure>
		</testcase>
		<testcase name="[NONE][CKV_AWS_191] Ensure ElastiCache replication group is encrypted by KMS using a customer managed Key (CMK)" classname="/modules/data/main.tf.module.data.aws_elasticache_replication_group.redis_cluster" file="/modules/data/main.tf">
			<failure type="failure" message="Ensure ElastiCache replication group is encrypted by KMS using a customer managed Key (CMK)">
Resource: module.data.aws_elasticache_replication_group.redis_cluster
File: /modules/data/main.tf: 83-93
Guideline: https://docs.prismacloud.io/en/enterprise-edition/policy-reference/aws-policies/aws-general-policies/bc-aws-general-111

		83 | resource &quot;aws_elasticache_replication_group&quot; &quot;redis_cluster&quot; {
		84 |   replication_group_id       = &quot;${var.proyecto}-${var.ambiente}-redis&quot;
		85 |   description                = &quot;Cluster de Redis&quot;
		86 |   node_type                  = var.redis_node_type
		87 |   port                       = 6379
		88 |   subnet_group_name          = aws_elasticache_subnet_group.redis_subnet_group.name
		89 |   security_group_ids         = [aws_security_group.data_sg.id]
		90 |   automatic_failover_enabled = true
		91 |   num_cache_clusters         = 2
		92 |   tags                       = { Name = &quot;${var.proyecto}-${var.ambiente}-redis&quot;, Modulo = &quot;data&quot;, Ambiente = var.ambiente, Gestionado = &quot;Terraform&quot; }
		93 | }</failure>
		</testcase>
		<testcase name="[NONE][CKV_AWS_353] Ensure that RDS instances have performance insights enabled" classname="/modules/data/main.tf.module.data.aws_rds_cluster_instance.aurora_instances[1]" file="/modules/data/main.tf">
			<failure type="failure" message="Ensure that RDS instances have performance insights enabled">
Resource: module.data.aws_rds_cluster_instance.aurora_instances[1]
File: /modules/data/main.tf: 72-81
Guideline: https://docs.prismacloud.io/en/enterprise-edition/policy-reference/aws-policies/aws-logging-policies/bc-aws-353

		72 | resource &quot;aws_rds_cluster_instance&quot; &quot;aurora_instances&quot; {
		73 |   count                = 2
		74 |   identifier           = &quot;${var.proyecto}-${var.ambiente}-aurora-instance-${count.index + 1}&quot;
		75 |   cluster_identifier   = aws_rds_cluster.aurora_cluster.id
		76 |   instance_class       = var.db_instance_class
		77 |   engine               = aws_rds_cluster.aurora_cluster.engine
		78 |   engine_version       = aws_rds_cluster.aurora_cluster.engine_version
		79 |   db_subnet_group_name = aws_db_subnet_group.aurora_subnet_group.name
		80 |   tags                 = { Name = &quot;${var.proyecto}-${var.ambiente}-aurora-instance-${count.index + 1}&quot;, Modulo = &quot;data&quot;, Ambiente = var.ambiente, Gestionado = &quot;Terraform&quot; }
		81 | }
</failure>
		</testcase>
		<testcase name="[NONE][CKV_AWS_118] Ensure that enhanced monitoring is enabled for Amazon RDS instances" classname="/modules/data/main.tf.module.data.aws_rds_cluster_instance.aurora_instances[1]" file="/modules/data/main.tf">
			<failure type="failure" message="Ensure that enhanced monitoring is enabled for Amazon RDS instances">
Resource: module.data.aws_rds_cluster_instance.aurora_instances[1]
File: /modules/data/main.tf: 72-81
Guideline: https://docs.prismacloud.io/en/enterprise-edition/policy-reference/aws-policies/aws-logging-policies/ensure-that-enhanced-monitoring-is-enabled-for-amazon-rds-instances

		72 | resource &quot;aws_rds_cluster_instance&quot; &quot;aurora_instances&quot; {
		73 |   count                = 2
		74 |   identifier           = &quot;${var.proyecto}-${var.ambiente}-aurora-instance-${count.index + 1}&quot;
		75 |   cluster_identifier   = aws_rds_cluster.aurora_cluster.id
		76 |   instance_class       = var.db_instance_class
		77 |   engine               = aws_rds_cluster.aurora_cluster.engine
		78 |   engine_version       = aws_rds_cluster.aurora_cluster.engine_version
		79 |   db_subnet_group_name = aws_db_subnet_group.aurora_subnet_group.name
		80 |   tags                 = { Name = &quot;${var.proyecto}-${var.ambiente}-aurora-instance-${count.index + 1}&quot;, Modulo = &quot;data&quot;, Ambiente = var.ambiente, Gestionado = &quot;Terraform&quot; }
		81 | }
</failure>
		</testcase>
		<testcase name="[NONE][CKV_AWS_226] Ensure DB instance gets all minor upgrades automatically" classname="/modules/data/main.tf.module.data.aws_rds_cluster_instance.aurora_instances[1]" file="/modules/data/main.tf">
			<failure type="failure" message="Ensure DB instance gets all minor upgrades automatically">
Resource: module.data.aws_rds_cluster_instance.aurora_instances[1]
File: /modules/data/main.tf: 72-81
Guideline: https://docs.prismacloud.io/en/enterprise-edition/policy-reference/aws-policies/aws-general-policies/ensure-aws-db-instance-gets-all-minor-upgrades-automatically

		72 | resource &quot;aws_rds_cluster_instance&quot; &quot;aurora_instances&quot; {
		73 |   count                = 2
		74 |   identifier           = &quot;${var.proyecto}-${var.ambiente}-aurora-instance-${count.index + 1}&quot;
		75 |   cluster_identifier   = aws_rds_cluster.aurora_cluster.id
		76 |   instance_class       = var.db_instance_class
		77 |   engine               = aws_rds_cluster.aurora_cluster.engine
		78 |   engine_version       = aws_rds_cluster.aurora_cluster.engine_version
		79 |   db_subnet_group_name = aws_db_subnet_group.aurora_subnet_group.name
		80 |   tags                 = { Name = &quot;${var.proyecto}-${var.ambiente}-aurora-instance-${count.index + 1}&quot;, Modulo = &quot;data&quot;, Ambiente = var.ambiente, Gestionado = &quot;Terraform&quot; }
		81 | }
</failure>
		</testcase>
		<testcase name="[NONE][CKV_AWS_192] Ensure WAF prevents message lookup in Log4j2. See CVE-2021-44228 aka log4jshell" classname="/modules/edge/main.tf.module.edge.aws_wafv2_web_acl.edge_waf" file="/modules/edge/main.tf">
			<failure type="failure" message="Ensure WAF prevents message lookup in Log4j2. See CVE-2021-44228 aka log4jshell">
Resource: module.edge.aws_wafv2_web_acl.edge_waf
File: /modules/edge/main.tf: 4-18
Guideline: https://docs.prismacloud.io/en/enterprise-edition/policy-reference/aws-policies/aws-networking-policies/ensure-waf-prevents-message-lookup-in-log4j2

		4  | resource &quot;aws_wafv2_web_acl&quot; &quot;edge_waf&quot; {
		5  |   name        = &quot;${var.proyecto}-${var.ambiente}-waf&quot;
		6  |   description = &quot;WAF para la capa de borde CloudFront&quot;
		7  |   scope       = &quot;CLOUDFRONT&quot;
		8  | 
		9  |   default_action {
		10 |     allow {}
		11 |   }
		12 | 
		13 |   visibility_config {
		14 |     cloudwatch_metrics_enabled = false
		15 |     metric_name                = &quot;${var.proyecto}-${var.ambiente}-waf&quot;
		16 |     sampled_requests_enabled   = false
		17 |   }
		18 | }
</failure>
		</testcase>
		<testcase name="[NONE][CKV_AWS_175] Ensure WAF has associated rules" classname="/modules/edge/main.tf.module.edge.aws_wafv2_web_acl.edge_waf" file="/modules/edge/main.tf">
			<failure type="failure" message="Ensure WAF has associated rules">
Resource: module.edge.aws_wafv2_web_acl.edge_waf
File: /modules/edge/main.tf: 4-18
Guideline: https://docs.prismacloud.io/en/enterprise-edition/policy-reference/aws-policies/aws-networking-policies/bc-aws-networking-64

		4  | resource &quot;aws_wafv2_web_acl&quot; &quot;edge_waf&quot; {
		5  |   name        = &quot;${var.proyecto}-${var.ambiente}-waf&quot;
		6  |   description = &quot;WAF para la capa de borde CloudFront&quot;
		7  |   scope       = &quot;CLOUDFRONT&quot;
		8  | 
		9  |   default_action {
		10 |     allow {}
		11 |   }
		12 | 
		13 |   visibility_config {
		14 |     cloudwatch_metrics_enabled = false
		15 |     metric_name                = &quot;${var.proyecto}-${var.ambiente}-waf&quot;
		16 |     sampled_requests_enabled   = false
		17 |   }
		18 | }
</failure>
		</testcase>
		<testcase name="[NONE][CKV_AWS_86] Ensure CloudFront distribution has Access Logging enabled" classname="/modules/edge/main.tf.module.edge.aws_cloudfront_distribution.cdn" file="/modules/edge/main.tf">
			<failure type="failure" message="Ensure CloudFront distribution has Access Logging enabled">
Resource: module.edge.aws_cloudfront_distribution.cdn
File: /modules/edge/main.tf: 38-77
Guideline: https://docs.prismacloud.io/en/enterprise-edition/policy-reference/aws-policies/aws-logging-policies/logging-20

		38 | resource &quot;aws_cloudfront_distribution&quot; &quot;cdn&quot; {
		39 |   origin {
		40 |     domain_name = aws_s3_bucket.edge_origin.bucket_regional_domain_name
		41 |     origin_id   = local.s3_origin_id
		42 |   }
		43 | 
		44 |   enabled             = true
		45 |   is_ipv6_enabled     = true
		46 |   default_root_object = &quot;index.html&quot;
		47 | 
		48 |   web_acl_id = aws_wafv2_web_acl.edge_waf.arn
		49 | 
		50 |   default_cache_behavior {
		51 |     allowed_methods  = [&quot;GET&quot;, &quot;HEAD&quot;, &quot;OPTIONS&quot;]
		52 |     cached_methods   = [&quot;GET&quot;, &quot;HEAD&quot;]
		53 |     target_origin_id = local.s3_origin_id
		54 | 
		55 |     forwarded_values {
		56 |       query_string = false
		57 |       cookies {
		58 |         forward = &quot;none&quot;
		59 |       }
		60 |     }
		61 | 
		62 |     viewer_protocol_policy = &quot;redirect-to-https&quot;
		63 |     min_ttl                = 0
		64 |     default_ttl            = 3600
		65 |     max_ttl                = 86400
		66 |   }
		67 | 
		68 |   restrictions {
		69 |     geo_restriction {
		70 |       restriction_type = &quot;none&quot;
		71 |     }
		72 |   }
		73 | 
		74 |   viewer_certificate {
		75 |     cloudfront_default_certificate = true
		76 |   }
		77 | }
</failure>
		</testcase>
		<testcase name="[NONE][CKV_AWS_174] Verify CloudFront Distribution Viewer Certificate is using TLS v1.2 or higher" classname="/modules/edge/main.tf.module.edge.aws_cloudfront_distribution.cdn" file="/modules/edge/main.tf">
			<failure type="failure" message="Verify CloudFront Distribution Viewer Certificate is using TLS v1.2 or higher">
Resource: module.edge.aws_cloudfront_distribution.cdn
File: /modules/edge/main.tf: 38-77
Guideline: https://docs.prismacloud.io/en/enterprise-edition/policy-reference/aws-policies/aws-networking-policies/bc-aws-networking-63

		38 | resource &quot;aws_cloudfront_distribution&quot; &quot;cdn&quot; {
		39 |   origin {
		40 |     domain_name = aws_s3_bucket.edge_origin.bucket_regional_domain_name
		41 |     origin_id   = local.s3_origin_id
		42 |   }
		43 | 
		44 |   enabled             = true
		45 |   is_ipv6_enabled     = true
		46 |   default_root_object = &quot;index.html&quot;
		47 | 
		48 |   web_acl_id = aws_wafv2_web_acl.edge_waf.arn
		49 | 
		50 |   default_cache_behavior {
		51 |     allowed_methods  = [&quot;GET&quot;, &quot;HEAD&quot;, &quot;OPTIONS&quot;]
		52 |     cached_methods   = [&quot;GET&quot;, &quot;HEAD&quot;]
		53 |     target_origin_id = local.s3_origin_id
		54 | 
		55 |     forwarded_values {
		56 |       query_string = false
		57 |       cookies {
		58 |         forward = &quot;none&quot;
		59 |       }
		60 |     }
		61 | 
		62 |     viewer_protocol_policy = &quot;redirect-to-https&quot;
		63 |     min_ttl                = 0
		64 |     default_ttl            = 3600
		65 |     max_ttl                = 86400
		66 |   }
		67 | 
		68 |   restrictions {
		69 |     geo_restriction {
		70 |       restriction_type = &quot;none&quot;
		71 |     }
		72 |   }
		73 | 
		74 |   viewer_certificate {
		75 |     cloudfront_default_certificate = true
		76 |   }
		77 | }
</failure>
		</testcase>
		<testcase name="[NONE][CKV_AWS_374] Ensure AWS CloudFront web distribution has geo restriction enabled" classname="/modules/edge/main.tf.module.edge.aws_cloudfront_distribution.cdn" file="/modules/edge/main.tf">
			<failure type="failure" message="Ensure AWS CloudFront web distribution has geo restriction enabled">
Resource: module.edge.aws_cloudfront_distribution.cdn
File: /modules/edge/main.tf: 38-77
Guideline: https://docs.prismacloud.io/en/enterprise-edition/policy-reference/aws-policies/aws-networking-policies/bc-aws-374

		38 | resource &quot;aws_cloudfront_distribution&quot; &quot;cdn&quot; {
		39 |   origin {
		40 |     domain_name = aws_s3_bucket.edge_origin.bucket_regional_domain_name
		41 |     origin_id   = local.s3_origin_id
		42 |   }
		43 | 
		44 |   enabled             = true
		45 |   is_ipv6_enabled     = true
		46 |   default_root_object = &quot;index.html&quot;
		47 | 
		48 |   web_acl_id = aws_wafv2_web_acl.edge_waf.arn
		49 | 
		50 |   default_cache_behavior {
		51 |     allowed_methods  = [&quot;GET&quot;, &quot;HEAD&quot;, &quot;OPTIONS&quot;]
		52 |     cached_methods   = [&quot;GET&quot;, &quot;HEAD&quot;]
		53 |     target_origin_id = local.s3_origin_id
		54 | 
		55 |     forwarded_values {
		56 |       query_string = false
		57 |       cookies {
		58 |         forward = &quot;none&quot;
		59 |       }
		60 |     }
		61 | 
		62 |     viewer_protocol_policy = &quot;redirect-to-https&quot;
		63 |     min_ttl                = 0
		64 |     default_ttl            = 3600
		65 |     max_ttl                = 86400
		66 |   }
		67 | 
		68 |   restrictions {
		69 |     geo_restriction {
		70 |       restriction_type = &quot;none&quot;
		71 |     }
		72 |   }
		73 | 
		74 |   viewer_certificate {
		75 |     cloudfront_default_certificate = true
		76 |   }
		77 | }
</failure>
		</testcase>
		<testcase name="[NONE][CKV_AWS_310] Ensure CloudFront distributions should have origin failover configured" classname="/modules/edge/main.tf.module.edge.aws_cloudfront_distribution.cdn" file="/modules/edge/main.tf">
			<failure type="failure" message="Ensure CloudFront distributions should have origin failover configured">
Resource: module.edge.aws_cloudfront_distribution.cdn
File: /modules/edge/main.tf: 38-77
Guideline: https://docs.prismacloud.io/en/enterprise-edition/policy-reference/aws-policies/aws-general-policies/bc-aws-310

		38 | resource &quot;aws_cloudfront_distribution&quot; &quot;cdn&quot; {
		39 |   origin {
		40 |     domain_name = aws_s3_bucket.edge_origin.bucket_regional_domain_name
		41 |     origin_id   = local.s3_origin_id
		42 |   }
		43 | 
		44 |   enabled             = true
		45 |   is_ipv6_enabled     = true
		46 |   default_root_object = &quot;index.html&quot;
		47 | 
		48 |   web_acl_id = aws_wafv2_web_acl.edge_waf.arn
		49 | 
		50 |   default_cache_behavior {
		51 |     allowed_methods  = [&quot;GET&quot;, &quot;HEAD&quot;, &quot;OPTIONS&quot;]
		52 |     cached_methods   = [&quot;GET&quot;, &quot;HEAD&quot;]
		53 |     target_origin_id = local.s3_origin_id
		54 | 
		55 |     forwarded_values {
		56 |       query_string = false
		57 |       cookies {
		58 |         forward = &quot;none&quot;
		59 |       }
		60 |     }
		61 | 
		62 |     viewer_protocol_policy = &quot;redirect-to-https&quot;
		63 |     min_ttl                = 0
		64 |     default_ttl            = 3600
		65 |     max_ttl                = 86400
		66 |   }
		67 | 
		68 |   restrictions {
		69 |     geo_restriction {
		70 |       restriction_type = &quot;none&quot;
		71 |     }
		72 |   }
		73 | 
		74 |   viewer_certificate {
		75 |     cloudfront_default_certificate = true
		76 |   }
		77 | }
</failure>
		</testcase>
		<testcase name="[NONE][CKV_AWS_27] Ensure all data stored in the SQS queue is encrypted" classname="/modules/edge/main.tf.module.edge.aws_sqs_queue.async_queue" file="/modules/edge/main.tf">
			<failure type="failure" message="Ensure all data stored in the SQS queue is encrypted">
Resource: module.edge.aws_sqs_queue.async_queue
File: /modules/edge/main.tf: 82-84
Guideline: https://docs.prismacloud.io/en/enterprise-edition/policy-reference/aws-policies/aws-general-policies/general-16-encrypt-sqs-queue

		82 | resource &quot;aws_sqs_queue&quot; &quot;async_queue&quot; {
		83 |   name = &quot;${var.proyecto}-${var.ambiente}-async-queue&quot;
		84 | }
</failure>
		</testcase>
		<testcase name="[NONE][CKV_AWS_116] Ensure that AWS Lambda function is configured for a Dead Letter Queue(DLQ)" classname="/modules/edge/main.tf.module.edge.aws_lambda_function.edge_processor" file="/modules/edge/main.tf">
			<failure type="failure" message="Ensure that AWS Lambda function is configured for a Dead Letter Queue(DLQ)">
Resource: module.edge.aws_lambda_function.edge_processor
File: /modules/edge/main.tf: 113-120
Guideline: https://docs.prismacloud.io/en/enterprise-edition/policy-reference/aws-policies/aws-general-policies/ensure-that-aws-lambda-function-is-configured-for-a-dead-letter-queue-dlq

		113 | resource &quot;aws_lambda_function&quot; &quot;edge_processor&quot; {
		114 |   filename         = data.archive_file.dummy_lambda.output_path
		115 |   function_name    = &quot;${var.proyecto}-${var.ambiente}-edge-processor&quot;
		116 |   role             = aws_iam_role.lambda_role.arn
		117 |   handler          = &quot;index.lambda_handler&quot;
		118 |   runtime          = &quot;python3.9&quot;
		119 |   source_code_hash = data.archive_file.dummy_lambda.output_base64sha256
		120 | }
</failure>
		</testcase>
		<testcase name="[NONE][CKV_AWS_363] Ensure Lambda Runtime is not deprecated" classname="/modules/edge/main.tf.module.edge.aws_lambda_function.edge_processor" file="/modules/edge/main.tf">
			<failure type="failure" message="Ensure Lambda Runtime is not deprecated">
Resource: module.edge.aws_lambda_function.edge_processor
File: /modules/edge/main.tf: 113-120
Guideline: https://docs.prismacloud.io/en/enterprise-edition/policy-reference/aws-policies/aws-general-policies/bc-aws-363

		113 | resource &quot;aws_lambda_function&quot; &quot;edge_processor&quot; {
		114 |   filename         = data.archive_file.dummy_lambda.output_path
		115 |   function_name    = &quot;${var.proyecto}-${var.ambiente}-edge-processor&quot;
		116 |   role             = aws_iam_role.lambda_role.arn
		117 |   handler          = &quot;index.lambda_handler&quot;
		118 |   runtime          = &quot;python3.9&quot;
		119 |   source_code_hash = data.archive_file.dummy_lambda.output_base64sha256
		120 | }
</failure>
		</testcase>
		<testcase name="[NONE][CKV_AWS_115] Ensure that AWS Lambda function is configured for function-level concurrent execution limit" classname="/modules/edge/main.tf.module.edge.aws_lambda_function.edge_processor" file="/modules/edge/main.tf">
			<failure type="failure" message="Ensure that AWS Lambda function is configured for function-level concurrent execution limit">
Resource: module.edge.aws_lambda_function.edge_processor
File: /modules/edge/main.tf: 113-120
Guideline: https://docs.prismacloud.io/en/enterprise-edition/policy-reference/aws-policies/aws-general-policies/ensure-that-aws-lambda-function-is-configured-for-function-level-concurrent-execution-limit

		113 | resource &quot;aws_lambda_function&quot; &quot;edge_processor&quot; {
		114 |   filename         = data.archive_file.dummy_lambda.output_path
		115 |   function_name    = &quot;${var.proyecto}-${var.ambiente}-edge-processor&quot;
		116 |   role             = aws_iam_role.lambda_role.arn
		117 |   handler          = &quot;index.lambda_handler&quot;
		118 |   runtime          = &quot;python3.9&quot;
		119 |   source_code_hash = data.archive_file.dummy_lambda.output_base64sha256
		120 | }
</failure>
		</testcase>
		<testcase name="[NONE][CKV_AWS_272] Ensure AWS Lambda function is configured to validate code-signing" classname="/modules/edge/main.tf.module.edge.aws_lambda_function.edge_processor" file="/modules/edge/main.tf">
			<failure type="failure" message="Ensure AWS Lambda function is configured to validate code-signing">
Resource: module.edge.aws_lambda_function.edge_processor
File: /modules/edge/main.tf: 113-120
Guideline: https://docs.prismacloud.io/en/enterprise-edition/policy-reference/aws-policies/aws-general-policies/bc-aws-272

		113 | resource &quot;aws_lambda_function&quot; &quot;edge_processor&quot; {
		114 |   filename         = data.archive_file.dummy_lambda.output_path
		115 |   function_name    = &quot;${var.proyecto}-${var.ambiente}-edge-processor&quot;
		116 |   role             = aws_iam_role.lambda_role.arn
		117 |   handler          = &quot;index.lambda_handler&quot;
		118 |   runtime          = &quot;python3.9&quot;
		119 |   source_code_hash = data.archive_file.dummy_lambda.output_base64sha256
		120 | }
</failure>
		</testcase>
		<testcase name="[NONE][CKV_AWS_50] X-Ray tracing is enabled for Lambda" classname="/modules/edge/main.tf.module.edge.aws_lambda_function.edge_processor" file="/modules/edge/main.tf">
			<failure type="failure" message="X-Ray tracing is enabled for Lambda">
Resource: module.edge.aws_lambda_function.edge_processor
File: /modules/edge/main.tf: 113-120
Guideline: https://docs.prismacloud.io/en/enterprise-edition/policy-reference/aws-policies/aws-serverless-policies/bc-aws-serverless-4

		113 | resource &quot;aws_lambda_function&quot; &quot;edge_processor&quot; {
		114 |   filename         = data.archive_file.dummy_lambda.output_path
		115 |   function_name    = &quot;${var.proyecto}-${var.ambiente}-edge-processor&quot;
		116 |   role             = aws_iam_role.lambda_role.arn
		117 |   handler          = &quot;index.lambda_handler&quot;
		118 |   runtime          = &quot;python3.9&quot;
		119 |   source_code_hash = data.archive_file.dummy_lambda.output_base64sha256
		120 | }
</failure>
		</testcase>
		<testcase name="[NONE][CKV_AWS_117] Ensure that AWS Lambda function is configured inside a VPC" classname="/modules/edge/main.tf.module.edge.aws_lambda_function.edge_processor" file="/modules/edge/main.tf">
			<failure type="failure" message="Ensure that AWS Lambda function is configured inside a VPC">
Resource: module.edge.aws_lambda_function.edge_processor
File: /modules/edge/main.tf: 113-120
Guideline: https://docs.prismacloud.io/en/enterprise-edition/policy-reference/aws-policies/aws-general-policies/ensure-that-aws-lambda-function-is-configured-inside-a-vpc-1

		113 | resource &quot;aws_lambda_function&quot; &quot;edge_processor&quot; {
		114 |   filename         = data.archive_file.dummy_lambda.output_path
		115 |   function_name    = &quot;${var.proyecto}-${var.ambiente}-edge-processor&quot;
		116 |   role             = aws_iam_role.lambda_role.arn
		117 |   handler          = &quot;index.lambda_handler&quot;
		118 |   runtime          = &quot;python3.9&quot;
		119 |   source_code_hash = data.archive_file.dummy_lambda.output_base64sha256
		120 | }
[...]
		56 |       query_string = false
		57 |       cookies {
		58 |         forward = &quot;none&quot;
		59 |       }
		60 |     }
		61 | 
		62 |     viewer_protocol_policy = &quot;redirect-to-https&quot;
		63 |     min_ttl                = 0
		64 |     default_ttl            = 3600
		65 |     max_ttl                = 86400
		66 |   }
		67 | 
		68 |   restrictions {
		69 |     geo_restriction {
		70 |       restriction_type = &quot;none&quot;
		71 |     }
		72 |   }
		73 | 
		74 |   viewer_certificate {
		75 |     cloudfront_default_certificate = true
		76 |   }
		77 | }
</failure>
		</testcase>
		<testcase name="[NONE][CKV2_AWS_62] Ensure S3 buckets should have event notifications enabled" classname="/modules/edge/main.tf.module.edge.aws_s3_bucket.edge_origin" file="/modules/edge/main.tf">
			<failure type="failure" message="Ensure S3 buckets should have event notifications enabled">
Resource: module.edge.aws_s3_bucket.edge_origin
File: /modules/edge/main.tf: 27-29
Guideline: https://docs.prismacloud.io/en/enterprise-edition/policy-reference/aws-policies/aws-logging-policies/bc-aws-2-62

		27 | resource &quot;aws_s3_bucket&quot; &quot;edge_origin&quot; {
		28 |   bucket = &quot;${var.proyecto}-${var.ambiente}-cf-origin-${random_id.bucket_id.hex}&quot;
		29 | }
</failure>
		</testcase>
		<testcase name="[NONE][CKV2_AWS_31] Ensure WAF2 has a Logging Configuration" classname="/modules/edge/main.tf.module.edge.aws_wafv2_web_acl.edge_waf" file="/modules/edge/main.tf">
			<failure type="failure" message="Ensure WAF2 has a Logging Configuration">
Resource: module.edge.aws_wafv2_web_acl.edge_waf
File: /modules/edge/main.tf: 4-18
Guideline: https://docs.prismacloud.io/en/enterprise-edition/policy-reference/aws-policies/aws-logging-policies/bc-aws-logging-33

		4  | resource &quot;aws_wafv2_web_acl&quot; &quot;edge_waf&quot; {
		5  |   name        = &quot;${var.proyecto}-${var.ambiente}-waf&quot;
		6  |   description = &quot;WAF para la capa de borde CloudFront&quot;
		7  |   scope       = &quot;CLOUDFRONT&quot;
		8  | 
		9  |   default_action {
		10 |     allow {}
		11 |   }
		12 | 
		13 |   visibility_config {
		14 |     cloudwatch_metrics_enabled = false
		15 |     metric_name                = &quot;${var.proyecto}-${var.ambiente}-waf&quot;
		16 |     sampled_requests_enabled   = false
		17 |   }
		18 | }
</failure>
		</testcase>
		<testcase name="[NONE][CKV2_AWS_11] Ensure VPC flow logging is enabled in all VPCs" classname="/modules/network/main.tf.module.network.aws_vpc.main" file="/modules/network/main.tf">
			<failure type="failure" message="Ensure VPC flow logging is enabled in all VPCs">
Resource: module.network.aws_vpc.main
File: /modules/network/main.tf: 2-11
Guideline: https://docs.prismacloud.io/en/enterprise-edition/policy-reference/aws-policies/aws-logging-policies/logging-9-enable-vpc-flow-logging

		2  | resource &quot;aws_vpc&quot; &quot;main&quot; {
		3  |   cidr_block           = &quot;10.0.0.0/16&quot;
		4  |   enable_dns_hostnames = true
		5  |   enable_dns_support   = true
		6  | 
		7  |   tags = {
		8  |     Name     = &quot;${var.proyecto}-${var.ambiente}-vpc&quot;
		9  |     Ambiente = var.ambiente
		10 |   }
		11 | }
</failure>
		</testcase>
		<testcase name="[NONE][CKV2_AWS_8] Ensure that RDS clusters has backup plan of AWS Backup" classname="/modules/data/main.tf.module.data.aws_rds_cluster.aurora_cluster" file="/modules/data/main.tf">
			<failure type="failure" message="Ensure that RDS clusters has backup plan of AWS Backup">
Resource: module.data.aws_rds_cluster.aurora_cluster
File: /modules/data/main.tf: 59-70
Guideline: https://docs.prismacloud.io/en/enterprise-edition/policy-reference/aws-policies/aws-general-policies/ensure-that-rds-clusters-has-backup-plan-of-aws-backup

		59 | resource &quot;aws_rds_cluster&quot; &quot;aurora_cluster&quot; {
		60 |   cluster_identifier     = &quot;${var.proyecto}-${var.ambiente}-aurora-cluster&quot;
		61 |   engine                 = var.db_engine
		62 |   engine_version         = var.db_engine_version
		63 |   master_username        = jsondecode(aws_secretsmanager_secret_version.db_credentials_version.secret_string)[&quot;username&quot;]
		64 |   master_password        = jsondecode(aws_secretsmanager_secret_version.db_credentials_version.secret_string)[&quot;password&quot;]
		65 |   db_subnet_group_name   = aws_db_subnet_group.aurora_subnet_group.name
		66 |   vpc_security_group_ids = [aws_security_group.data_sg.id]
		67 |   storage_encrypted      = true
		68 |   skip_final_snapshot    = true
		69 |   tags                   = { Name = &quot;${var.proyecto}-${var.ambiente}-aurora-cluster&quot;, Modulo = &quot;data&quot;, Ambiente = var.ambiente, Gestionado = &quot;Terraform&quot; }
		70 | }
</failure>
		</testcase>
		<testcase name="[NONE][CKV_AWS_378] Ensure AWS Load Balancer doesn't use HTTP protocol" classname="/modules/compute/main.tf.module.compute.aws_lb_target_group.app" file="/modules/compute/main.tf">
			<failure type="failure" message="Ensure AWS Load Balancer doesn't use HTTP protocol">
Resource: module.compute.aws_lb_target_group.app
File: /modules/compute/main.tf: 313-340
Guideline: https://docs.prismacloud.io/en/enterprise-edition/policy-reference/aws-policies/aws-networking-policies/bc-aws-378

		313 | resource &quot;aws_lb_target_group&quot; &quot;app&quot; {
		314 |   name     = &quot;${var.proyecto}-${var.ambiente}-tg-app&quot;
		315 |   port     = var.app_port
		316 |   protocol = &quot;HTTP&quot;
		317 |   vpc_id   = var.vpc_id
		318 | 
		319 |   health_check {
		320 |     enabled             = true
		321 |     path                = var.health_check_path # &quot;/health&quot; o &quot;/&quot;
		322 |     port                = &quot;traffic-port&quot;
		323 |     protocol            = &quot;HTTP&quot;
		324 |     interval            = 30 # cada 30 segundos
		325 |     timeout             = 10
		326 |     healthy_threshold   = 2
		327 |     unhealthy_threshold = 3
		328 |     matcher             = &quot;200&quot;
		329 |   }
		330 | 
		331 |   # Connection draining — 60s para que terminen las transacciones en curso
		332 |   deregistration_delay = 60
		333 | 
		334 |   tags = {
		335 |     Name       = &quot;${var.proyecto}-${var.ambiente}-tg-app&quot;
		336 |     Modulo     = &quot;compute&quot;
		337 |     Ambiente   = var.ambiente
		338 |     Gestionado = &quot;Terraform&quot;
		339 |   }
		340 | }
</failure>
		</testcase>
		<testcase name="[NONE][CKV2_AWS_57] Ensure Secrets Manager secrets should have automatic rotation enabled" classname="/modules/data/main.tf.module.data.aws_secretsmanager_secret.db_credentials" file="/modules/data/main.tf">
			<failure type="failure" message="Ensure Secrets Manager secrets should have automatic rotation enabled">
Resource: module.data.aws_secretsmanager_secret.db_credentials
File: /modules/data/main.tf: 44-47
Guideline: https://docs.prismacloud.io/en/enterprise-edition/policy-reference/aws-policies/aws-general-policies/bc-aws-2-57

		44 | resource &quot;aws_secretsmanager_secret&quot; &quot;db_credentials&quot; {
		45 |   name = &quot;${var.proyecto}-${var.ambiente}-db-credentials&quot;
		46 |   tags = { Name = &quot;${var.proyecto}-${var.ambiente}-db-credentials&quot;, Modulo = &quot;data&quot;, Ambiente = var.ambiente, Gestionado = &quot;Terraform&quot; }
		47 | }
</failure>
		</testcase>
		<testcase name="[NONE][CKV2_AWS_47] Ensure AWS CloudFront attached WAFv2 WebACL is configured with AMR for Log4j Vulnerability" classname="/modules/edge/main.tf.module.edge.aws_cloudfront_distribution.cdn" file="/modules/edge/main.tf">
			<failure type="failure" message="Ensure AWS CloudFront attached WAFv2 WebACL is configured with AMR for Log4j Vulnerability">
Resource: module.edge.aws_cloudfront_distribution.cdn
File: /modules/edge/main.tf: 38-77
Guideline: https://docs.prismacloud.io/en/enterprise-edition/policy-reference/aws-policies/aws-general-policies/bc-aws-general-47

		38 | resource &quot;aws_cloudfront_distribution&quot; &quot;cdn&quot; {
		39 |   origin {
		40 |     domain_name = aws_s3_bucket.edge_origin.bucket_regional_domain_name
		41 |     origin_id   = local.s3_origin_id
		42 |   }
		43 | 
		44 |   enabled             = true
		45 |   is_ipv6_enabled     = true
		46 |   default_root_object = &quot;index.html&quot;
		47 | 
		48 |   web_acl_id = aws_wafv2_web_acl.edge_waf.arn
		49 | 
		50 |   default_cache_behavior {
		51 |     allowed_methods  = [&quot;GET&quot;, &quot;HEAD&quot;, &quot;OPTIONS&quot;]
		52 |     cached_methods   = [&quot;GET&quot;, &quot;HEAD&quot;]
		53 |     target_origin_id = local.s3_origin_id
		54 | 
		55 |     forwarded_values {
		56 |       query_string = false
		57 |       cookies {
		58 |         forward = &quot;none&quot;
		59 |       }
		60 |     }
		61 | 
		62 |     viewer_protocol_policy = &quot;redirect-to-https&quot;
		63 |     min_ttl                = 0
		64 |     default_ttl            = 3600
		65 |     max_ttl                = 86400
		66 |   }
		67 | 
		68 |   restrictions {
		69 |     geo_restriction {
		70 |       restriction_type = &quot;none&quot;
		71 |     }
		72 |   }
		73 | 
		74 |   viewer_certificate {
		75 |     cloudfront_default_certificate = true
		76 |   }
		77 | }
</failure>
		</testcase>
		<testcase name="[NONE][CKV2_AWS_20] Ensure that ALB redirects HTTP requests into HTTPS ones" classname="/modules/compute/main.tf.module.compute.aws_lb.main" file="/modules/compute/main.tf">
			<failure type="failure" message="Ensure that ALB redirects HTTP requests into HTTPS ones">
Resource: module.compute.aws_lb.main
File: /modules/compute/main.tf: 295-311
Guideline: https://docs.prismacloud.io/en/enterprise-edition/policy-reference/aws-policies/aws-networking-policies/ensure-that-alb-redirects-http-requests-into-https-ones

		295 | resource &quot;aws_lb&quot; &quot;main&quot; {
		296 |   name               = &quot;${var.proyecto}-${var.ambiente}-alb&quot;
		297 |   internal           = false
		298 |   load_balancer_type = &quot;application&quot;
		299 | 
		300 |   subnets         = var.public_subnets
		301 |   security_groups = [aws_security_group.alb.id]
		302 | 
		303 |   enable_deletion_protection = var.enable_deletion_protection
		304 | 
		305 |   tags = {
		306 |     Name       = &quot;${var.proyecto}-${var.ambiente}-alb&quot;
		307 |     Modulo     = &quot;compute&quot;
		308 |     Ambiente   = var.ambiente
		309 |     Gestionado = &quot;Terraform&quot;
		310 |   }
		311 | }
</failure>
		</testcase>
		<testcase name="[NONE][CKV_AWS_21] Ensure all data stored in the S3 bucket have versioning enabled" classname="/modules/edge/main.tf.module.edge.aws_s3_bucket.edge_origin" file="/modules/edge/main.tf">
			<failure type="failure" message="Ensure all data stored in the S3 bucket have versioning enabled">
Resource: module.edge.aws_s3_bucket.edge_origin
File: /modules/edge/main.tf: 27-29
Guideline: https://docs.prismacloud.io/en/enterprise-edition/policy-reference/aws-policies/s3-policies/s3-16-enable-versioning

		27 | resource &quot;aws_s3_bucket&quot; &quot;edge_origin&quot; {
		28 |   bucket = &quot;${var.proyecto}-${var.ambiente}-cf-origin-${random_id.bucket_id.hex}&quot;
		29 | }
</failure>
		</testcase>
		<testcase name="[NONE][CKV2_AWS_61] Ensure that an S3 bucket has a lifecycle configuration" classname="/modules/edge/main.tf.module.edge.aws_s3_bucket.edge_origin" file="/modules/edge/main.tf">
			<failure type="failure" message="Ensure that an S3 bucket has a lifecycle configuration">
Resource: module.edge.aws_s3_bucket.edge_origin
File: /modules/edge/main.tf: 27-29
Guideline: https://docs.prismacloud.io/en/enterprise-edition/policy-reference/aws-policies/aws-logging-policies/bc-aws-2-61

		27 | resource &quot;aws_s3_bucket&quot; &quot;edge_origin&quot; {
		28 |   bucket = &quot;${var.proyecto}-${var.ambiente}-cf-origin-${random_id.bucket_id.hex}&quot;
		29 | }
</failure>
		</testcase>
		<testcase name="[NONE][CKV_AWS_18] Ensure the S3 bucket has access logging enabled" classname="/modules/edge/main.tf.module.edge.aws_s3_bucket.edge_origin" file="/modules/edge/main.tf">
			<failure type="failure" message="Ensure the S3 bucket has access logging enabled">
Resource: module.edge.aws_s3_bucket.edge_origin
File: /modules/edge/main.tf: 27-29
Guideline: https://docs.prismacloud.io/en/enterprise-edition/policy-reference/aws-policies/s3-policies/s3-13-enable-logging

		27 | resource &quot;aws_s3_bucket&quot; &quot;edge_origin&quot; {
		28 |   bucket = &quot;${var.proyecto}-${var.ambiente}-cf-origin-${random_id.bucket_id.hex}&quot;
		29 | }
</failure>
		</testcase>
		<testcase name="[NONE][CKV2_AWS_28] Ensure public facing ALB are protected by WAF" classname="/modules/compute/main.tf.module.compute.aws_lb.main" file="/modules/compute/main.tf">
			<failure type="failure" message="Ensure public facing ALB are protected by WAF">
Resource: module.compute.aws_lb.main
File: /modules/compute/main.tf: 295-311
Guideline: https://docs.prismacloud.io/en/enterprise-edition/policy-reference/aws-policies/aws-networking-policies/ensure-public-facing-alb-are-protected-by-waf

		295 | resource &quot;aws_lb&quot; &quot;main&quot; {
		296 |   name               = &quot;${var.proyecto}-${var.ambiente}-alb&quot;
		297 |   internal           = false
		298 |   load_balancer_type = &quot;application&quot;
		299 | 
		300 |   subnets         = var.public_subnets
		301 |   security_groups = [aws_security_group.alb.id]
		302 | 
		303 |   enable_deletion_protection = var.enable_deletion_protection
		304 | 
		305 |   tags = {
		306 |     Name       = &quot;${var.proyecto}-${var.ambiente}-alb&quot;
		307 |     Modulo     = &quot;compute&quot;
		308 |     Ambiente   = var.ambiente
		309 |     Gestionado = &quot;Terraform&quot;
		310 |   }
		311 | }
</failure>
		</testcase>
		<testcase name="[NONE][CKV_AWS_103] Ensure that load balancer is using at least TLS 1.2" classname="/modules/compute/main.tf.module.compute.aws_lb_listener.http" file="/modules/compute/main.tf">
			<failure type="failure" message="Ensure that load balancer is using at least TLS 1.2">
Resource: module.compute.aws_lb_listener.http
File: /modules/compute/main.tf: 342-351
Guideline: https://docs.prismacloud.io/en/enterprise-edition/policy-reference/aws-policies/aws-general-policies/bc-aws-general-43

		342 | resource &quot;aws_lb_listener&quot; &quot;http&quot; {
		343 |   load_balancer_arn = aws_lb.main.arn
		344 |   port              = 80
		345 |   protocol          = &quot;HTTP&quot;
		346 | 
		347 |   default_action {
		348 |     type             = &quot;forward&quot;
		349 |     target_group_arn = aws_lb_target_group.app.arn
		350 |   }
		351 | }
</failure>
		</testcase>
		<testcase name="[NONE][CKV_AWS_144] Ensure that S3 bucket has cross-region replication enabled" classname="/modules/edge/main.tf.module.edge.aws_s3_bucket.edge_origin" file="/modules/edge/main.tf">
			<failure type="failure" message="Ensure that S3 bucket has cross-region replication enabled">
Resource: module.edge.aws_s3_bucket.edge_origin
File: /modules/edge/main.tf: 27-29
Guideline: https://docs.prismacloud.io/en/enterprise-edition/policy-reference/aws-policies/aws-general-policies/ensure-that-s3-bucket-has-cross-region-replication-enabled

		27 | resource &quot;aws_s3_bucket&quot; &quot;edge_origin&quot; {
		28 |   bucket = &quot;${var.proyecto}-${var.ambiente}-cf-origin-${random_id.bucket_id.hex}&quot;
		29 | }
</failure>
		</testcase>
		<testcase name="[NONE][CKV2_AWS_42] Ensure AWS CloudFront distribution uses custom SSL certificate" classname="/modules/edge/main.tf.module.edge.aws_cloudfront_distribution.cdn" file="/modules/edge/main.tf">
			<failure type="failure" message="Ensure AWS CloudFront distribution uses custom SSL certificate">
Resource: module.edge.aws_cloudfront_distribution.cdn
File: /modules/edge/main.tf: 38-77
Guideline: https://docs.prismacloud.io/en/enterprise-edition/policy-reference/aws-policies/aws-networking-policies/ensure-aws-cloudfront-distribution-uses-custom-ssl-certificate

		38 | resource &quot;aws_cloudfront_distribution&quot; &quot;cdn&quot; {
		39 |   origin {
		40 |     domain_name = aws_s3_bucket.edge_origin.bucket_regional_domain_name
		41 |     origin_id   = local.s3_origin_id
		42 |   }
		43 | 
		44 |   enabled             = true
		45 |   is_ipv6_enabled     = true
		46 |   default_root_object = &quot;index.html&quot;
		47 | 
		48 |   web_acl_id = aws_wafv2_web_acl.edge_waf.arn
		49 | 
		50 |   default_cache_behavior {
		51 |     allowed_methods  = [&quot;GET&quot;, &quot;HEAD&quot;, &quot;OPTIONS&quot;]
		52 |     cached_methods   = [&quot;GET&quot;, &quot;HEAD&quot;]
		53 |     target_origin_id = local.s3_origin_id
		54 | 
		55 |     forwarded_values {
		56 |       query_string = false
		57 |       cookies {
		58 |         forward = &quot;none&quot;
		59 |       }
		60 |     }
		61 | 
		62 |     viewer_protocol_policy = &quot;redirect-to-https&quot;
		63 |     min_ttl                = 0
		64 |     default_ttl            = 3600
		65 |     max_ttl                = 86400
		66 |   }
		67 | 
		68 |   restrictions {
		69 |     geo_restriction {
		70 |       restriction_type = &quot;none&quot;
		71 |     }
		72 |   }
		73 | 
		74 |   viewer_certificate {
		75 |     cloudfront_default_certificate = true
		76 |   }
		77 | }
</failure>
		</testcase>
		<testcase name="[NONE][CKV_AWS_145] Ensure that S3 buckets are encrypted with KMS by default" classname="/modules/edge/main.tf.module.edge.aws_s3_bucket.edge_origin" file="/modules/edge/main.tf">
			<failure type="failure" message="Ensure that S3 buckets are encrypted with KMS by default">
Resource: module.edge.aws_s3_bucket.edge_origin
File: /modules/edge/main.tf: 27-29
Guideline: https://docs.prismacloud.io/en/enterprise-edition/policy-reference/aws-policies/aws-general-policies/ensure-that-s3-buckets-are-encrypted-with-kms-by-default

		27 | resource &quot;aws_s3_bucket&quot; &quot;edge_origin&quot; {
		28 |   bucket = &quot;${var.proyecto}-${var.ambiente}-cf-origin-${random_id.bucket_id.hex}&quot;
		29 | }
</failure>
		</testcase>
		<testcase name="[NONE][CKV2_AWS_46] Ensure AWS CloudFront Distribution with S3 have Origin Access set to enabled" classname="/modules/edge/main.tf.module.edge.aws_cloudfront_distribution.cdn" file="/modules/edge/main.tf">
			<failure type="failure" message="Ensure AWS CloudFront Distribution with S3 have Origin Access set to enabled">
Resource: module.edge.aws_cloudfront_distribution.cdn
File: /modules/edge/main.tf: 38-77
Guideline: https://docs.prismacloud.io/en/enterprise-edition/policy-reference/aws-policies/aws-iam-policies/ensure-aws-cloudfromt-distribution-with-s3-have-origin-access-set-to-enabled

		38 | resource &quot;aws_cloudfront_distribution&quot; &quot;cdn&quot; {
		39 |   origin {
		40 |     domain_name = aws_s3_bucket.edge_origin.bucket_regional_domain_name
		41 |     origin_id   = local.s3_origin_id
		42 |   }
		43 | 
		44 |   enabled             = true
		45 |   is_ipv6_enabled     = true
		46 |   default_root_object = &quot;index.html&quot;
		47 | 
		48 |   web_acl_id = aws_wafv2_web_acl.edge_waf.arn
		49 | 
		50 |   default_cache_behavior {
		51 |     allowed_methods  = [&quot;GET&quot;, &quot;HEAD&quot;, &quot;OPTIONS&quot;]
		52 |     cached_methods   = [&quot;GET&quot;, &quot;HEAD&quot;]
		53 |     target_origin_id = local.s3_origin_id
		54 | 
		55 |     forwarded_values {
		56 |       query_string = false
		57 |       cookies {
		58 |         forward = &quot;none&quot;
		59 |       }
		60 |     }
		61 | 
		62 |     viewer_protocol_policy = &quot;redirect-to-https&quot;
		63 |     min_ttl                = 0
		64 |     default_ttl            = 3600
		65 |     max_ttl                = 86400
		66 |   }
		67 | 
		68 |   restrictions {
		69 |     geo_restriction {
		70 |       restriction_type = &quot;none&quot;
		71 |     }
		72 |   }
		73 | 
		74 |   viewer_certificate {
		75 |     cloudfront_default_certificate = true
		76 |   }
		77 | }
</failure>
		</testcase>
	</testsuite>
</testsuites>
